reading: ../download/bike_crashes.csv
0 HOMECREST AVE and DOUGLAS AVENUE, Ewing Township, NJ
1 US 130 and CR 571, East Windsor Township, NJ
2 MERCER COUNTY 622 and CUNNINGHAM ALLEY, Trenton City, NJ
3 HARRISON ST and TERHUNE ROAD, Princeton Township, NJ
4 DUTCH NECK RD and WILMOR DRIVE, East Windsor Township, NJ
5 US 1 and GROVERS MILL ROAD, Lawrence Twp (Mercer Co), NJ
6 ROUTE 535 and ROUTE 571 / HIGHSTSTOWN-PRINCETON R, East Windsor Township, NJ
7 NJ 33, East Windsor Township, NJ
8 1655 OLDEN AVE (COLONIAL CADILLAC), Ewing Township, NJ
9 BROWNING AVE and ORMOND AVENUE, Ewing Township, NJ
10 ROCKLEIGH DR and FRAN AVE, Ewing Township, NJ
11 MERCER COUNTY 622, Ewing Township, NJ
12 MERCER COUNTY 636 and RUNNING BROOK ROAD, Ewing Township, NJ
13 SOUTHARD STREET and CALHOUN STREET), Ewing Township, NJ
14 MERCER COUNTY 627 and PARKWAY AVE. (RT. #634), Ewing Township, NJ
15 4125 SOUTH BROAD STREET, Hamilton Twp (Mercer Co), NJ
16 NJ 33 and EVERGREEN AVENUE, Hamilton Twp (Mercer Co), NJ
17 SCHILLER AVE and NEW CEDAR LANE, Hamilton Twp (Mercer Co), NJ
18 EAST PARK AVE and BERG AVENUE, Hamilton Twp (Mercer Co), NJ
19 NJ 33, Hamilton Twp (Mercer Co), NJ
20 KLOCKNER RD and WILLIAM STREET, Hamilton Twp (Mercer Co), NJ
21 US 206 and SAMDIN BOULEVARD, Hamilton Twp (Mercer Co), NJ
22 JIMARIE CT and CR 524, Hamilton Twp (Mercer Co), NJ
23 JOHNSTON AVENUE and D'ARCY AVE., Hamilton Twp (Mercer Co), NJ
24 S CLINTON AVE and FETTER AVE., Hamilton Twp (Mercer Co), NJ
25 NJ 33, Hamilton Twp (Mercer Co), NJ
26 MARY ST and PARKINSON AVENUE, Hamilton Twp (Mercer Co), NJ
27 NJ 33, Hamilton Twp (Mercer Co), NJ
28 NJ 33, Hamilton Twp (Mercer Co), NJ
29 LALOR ST and JEREMIAH AVENUE, Hamilton Twp (Mercer Co), NJ
30 MERCER COUNTY 616, Hamilton Twp (Mercer Co), NJ
31 JOHNSTON AVE and HAMILTON AVE., Hamilton Twp (Mercer Co), NJ
32 BROOK LANE and HAMILTON AVE, Hamilton Twp (Mercer Co), NJ
33 LIBERTY ST and RT 620, Hamilton Twp (Mercer Co), NJ
34 MAIN STREET PARKING LOT, Hightstown Borough, NJ
35 NJ 33 and SUMMIT STREET, Hightstown Borough, NJ
36 NJ 33 and ROGERS AVENUE, Hightstown Borough, NJ
37 MERCER COUNTY 613, Lawrence Twp (Mercer Co), NJ
38 PRINCETON PIKE and PRINCESS RD., Lawrence Twp (Mercer Co), NJ
39 ROUTE 533, Lawrence Twp (Mercer Co), NJ
40 US 206, Lawrence Twp (Mercer Co), NJ
41 NORTH HARRISONSTREET, Princeton Borough, NJ
42 WITHERSPOON ST and MACLEAN STREET, Princeton Borough, NJ
43 PAUL ROBESON PL and WITHERSPOON STREET, Princeton Borough, NJ
44 MOORE STREET and ST 27, Princeton Borough, NJ
45 NJ 27, Princeton Borough, NJ
46 MOUNT LUCAS RD and POOR FARM ROAD, Princeton Township, NJ
47 BIRCH AVE and JOHN STREET, Princeton Township, NJ
48 WITHERSPOON STREET and HENRY AVENUE, Princeton Township, NJ
49 RIVERSIDE DRIVE and PROSPECT AVENUE, Princeton Township, NJ
50 BERNARD STREET and CALHOUN ST, Trenton City, NJ
51 LANDING ST and NORWOOD ALLEY, Trenton City, NJ
52 PERRY ST and CARROLL STREET, Trenton City, NJ
53 WOOD ST and SHEPPARD ALLEY, Trenton City, NJ
54 FULD ST and NEW YORK AVENUE, Trenton City, NJ
55 PERRY ST and SOUTHARD STREET, Trenton City, NJ
56 PERRY ST and SOUTHARD STREET, Trenton City, NJ
57 US 206 and FEEDER STREET, Trenton City, NJ
58 STUYVESANT AVE and ELLSWORTH AVENUE, Trenton City, NJ
59 EDGEWOOD AVE and HERMITAGE AVENUE, Trenton City, NJ
60 W STATE ST and NORTH FISCHER ST., Trenton City, NJ
61 SOUTH COOK AVENUE and TYLER STREET, Trenton City, NJ
62 NJ 33 and HOLLYWOOD, Trenton City, NJ
63 SOUTH WALTER AVE and GREENWOOD AVE., Trenton City, NJ
64 US 206 and BEATTY STREET, Trenton City, NJ
65 HERMITAGE AVENUE and BOUDINOT ST, Trenton City, NJ
66 FRAZIER ST and PENNINGTON AVE, Trenton City, NJ
67 PROSPECT ST and BELLEVUE AVENUE, Trenton City, NJ
68 EAST STATE ST and CHANCERY LANE, Trenton City, NJ
69 R WALLENBERG AVE and CHESTNUT AVE, Trenton City, NJ
70 SWEETS AVE and CALHOUN, Trenton City, NJ
71 US 206 SOUTHBOUND and ACADEMY ST., Trenton City, NJ
72 HERMITAGE AVE and BOUDINOT ST, Trenton City, NJ
73 PRIVATE PROPERTY, Trenton City, NJ
74 SOUTH WALTER AVE and GREENWOOD AVE., Trenton City, NJ
75 MERCER COUNTY 636 and STUYVESANT AVE., Trenton City, NJ
76 MERCER COUNTY 635 and MOMOUTH ST, Trenton City, NJ
77 NEW YORK AVE and FULD STREEY, Trenton City, NJ
78 W STATE ST and PERDICARIS PLACE, Trenton City, NJ
79 S CLINTON AVE and BARLOW STREET, Trenton City, NJ
80 ROEBLING AVE and ANDERSON STREET, Trenton City, NJ
81 MERCER COUNTY 622, Trenton City, NJ
82 RUTHERFORD and PROSPECT, Trenton City, NJ
83 BERNARD STREET and CALHOUN ST, Trenton City, NJ
84 FRANKLIN ST and MIFFLIN STREET, Trenton City, NJ
85 MERCER COUNTY 622 and NORTH CLINTON AVENUE, Trenton City, NJ
86 US 130, Washington Twp  (Mercer Co), NJ
87 SPRING GARDEN ROAD and SHARON ROAD, Washington Twp  (Mercer Co), NJ
88 NJ 64 and CR 571, West Windsor Township, NJ
89 MEADOW RD and BEAR BROOK ROAD, West Windsor Township, NJ
90 ROUTE 526 and VILLAGE ROAD EAST, West Windsor Township, NJ
91 ALEXANDER RD and HARRIS ROAD, West Windsor Township, NJ
92 ROUTE 571, East Windsor Township, NJ
93 DUTCH NECK RD and OAK CREEK ROAD, East Windsor Township, NJ
94 MERCER COUNTY 634 and KELSEY AVE, Ewing Township, NJ
95 NJ 31, Ewing Township, NJ
96 MERCER COUNTY 622, Ewing Township, NJ
97 MERCER COUNTY 636, Ewing Township, NJ
98 NJ 31, Ewing Township, NJ
99 MERCER COUNTY 627, Ewing Township, NJ
100 BEECHWOOD AVE and RT 634, Ewing Township, NJ
101 DEACON DR and LIONS RD., Hamilton Twp (Mercer Co), NJ
102 KLOCKNER RD, Hamilton Twp (Mercer Co), NJ
103 W PARK AVE, Hamilton Twp (Mercer Co), NJ
104 NJ 33, Hamilton Twp (Mercer Co), NJ
105 US 206, Hamilton Twp (Mercer Co), NJ
106 KLOCKNER RD, Hamilton Twp (Mercer Co), NJ
107 MERCER COUNTY 619, Hamilton Twp (Mercer Co), NJ
108 MERCER COUNTY 606, Hamilton Twp (Mercer Co), NJ
109 US 206, Hamilton Twp (Mercer Co), NJ
110 ROUTE 533, Hamilton Twp (Mercer Co), NJ
111 ROUTE 535, Hamilton Twp (Mercer Co), NJ
112 SLOAN AVE and KLOCKNER RD., Hamilton Twp (Mercer Co), NJ
113 BASIN RD and COTTON CT, Hamilton Twp (Mercer Co), NJ
114 4680 NOTTINGHAM WAY, Hamilton Twp (Mercer Co), NJ
115 LEONARD AVENUE, Hamilton Twp (Mercer Co), NJ
116 MCADOO AVE and BAKER AVE, Hamilton Twp (Mercer Co), NJ
117 US 206, Hamilton Twp (Mercer Co), NJ
118 MERCER COUNTY 606, Hamilton Twp (Mercer Co), NJ
119 MERCER COUNTY 620, Hamilton Twp (Mercer Co), NJ
120 ROUTE 546, Hopewell Twp (Mercer Co), NJ
121 US 206, Lawrence Twp (Mercer Co), NJ
122 PRINCETON UNIVERSITY PATH, Princeton Borough, NJ
123 VANDEVENTER AVE and WIGGINS STREET, Princeton Borough, NJ
124 HARRISON STREET and NJ 27, Princeton Borough, NJ
125 OLDEN ST and PROSPECT AVE, Princeton Borough, NJ
126 PROSPECT AVE and BROADMEAD, Princeton Borough, NJ
127 CHERRY VALLEY RD and GREAT ROAD, Princeton Township, NJ
128 MT LUCAS RD and HERRONTOWN RD., Princeton Township, NJ
129 193 NORTH HARRISON STREET and FRANKLIN AVENUE, Princeton Township, NJ
130 JOHN ST and BIRCH AVENUE, Princeton Township, NJ
131 MERCER COUNTY 606 and CR 622, Trenton City, NJ
132 MERCER COUNTY 653 and WAYNE AVENUE, Trenton City, NJ
133 US 206, Trenton City, NJ
134 MERCER COUNTY 635 and SOUTH COOK AVENUE, Trenton City, NJ
135 W STATE ST and BARRACKS STREET, Trenton City, NJ
136 MERCER COUNTY 622 and CR 606, Trenton City, NJ
137 MARKET STREET and STOCKTON STREET, Trenton City, NJ
138 US 206 and HUDSON STREET, Trenton City, NJ
139 S CLINTON AVE and TYLER STREET, Trenton City, NJ
140 NJ 33 and GARFIELD AVENUE, Trenton City, NJ
141 S CLINTON AVE and CAPNER AVE., Trenton City, NJ
142 MERCER COUNTY 606 and CR 622, Trenton City, NJ
143 WALNUT AVE and SOUTH COOK AVENUE, Trenton City, NJ
144 NJ 129 and CASS STREET, Trenton City, NJ
145 FAIRMONT AVE and REPUBLIC ALLEY, Trenton City, NJ
146 ROEBLING AVE, Trenton City, NJ
147 GRAND ST and ELM STREET, Trenton City, NJ
148 CHESTNUT AVE and CR 635, Trenton City, NJ
149 MERCER COUNTY 626 and LOCUST STREET, Trenton City, NJ
150 INGHAM ST and RT 206S, Trenton City, NJ
151 MERCER COUNTY 635 and CUYLER AVENUE, Trenton City, NJ
152 ROUTE 579 and BRUCE PARK DRIVE, Trenton City, NJ
153 ENTERPRISE AVE and MULBERRY STREET, Trenton City, NJ
154 ANDERSON ST and RUSLING STREET, Trenton City, NJ
155 CASS ST and WOOLVERTON AVENUE, Trenton City, NJ
156 MERCER COUNTY 653 and CALHOUN STS., Trenton City, NJ
157 MERCER COUNTY 622 and E STATE ST, Trenton City, NJ
158 RANDALL AVE, Trenton City, NJ
159 PROSPECT ST and STUYVESANT AVENUE, Trenton City, NJ
160 ANDERSON ST and RT 206, Trenton City, NJ
161 US 206 and BEATTY STREET, Trenton City, NJ
162 CASS ST and WOLVERTON AVENUE, Trenton City, NJ
163 US 206 SOUTHBOUND and SANFORD AVENUE, Trenton City, NJ
164 SOUTHARD ST and PROCTOR STREET, Trenton City, NJ
165 US 206 and SOUTHARD STREET, Trenton City, NJ
166 EVERETT ST, Washington Twp  (Mercer Co), NJ
167 CANAL POINTE BLVD and BAYBERRY DRIVE, West Windsor Township, NJ
168 ROUTE 535, East Windsor Township, NJ
169 DEVONSHIRE DR and DORCHESTER DRIVE, East Windsor Township, NJ
170 US 130 and TOWN CENTER DRIVE, East Windsor Township, NJ
171 70 ROUTE 571 WEST and EAST WINDSOR VILLAGE-TARGET LOT, East Windsor Township, NJ
172 NJ 33 and RT 133, East Windsor Township, NJ
173 US 130 and OLD CRANBURY ROAD, East Windsor Township, NJ
174 ROUTE 579 and SILVIA STREET, Ewing Township, NJ
175 MERCER COUNTY 622 and RT 31, Ewing Township, NJ
176 ALBEMARLE AVE and GREENVILLE AVENUE, Ewing Township, NJ
177 ROUTE 535 and CR 614, Hamilton Twp (Mercer Co), NJ
178 KLOCKNER RD and LAMONT AVENUE, Hamilton Twp (Mercer Co), NJ
179 ROUTE 533 and KLOCKNER ROAD, Hamilton Twp (Mercer Co), NJ
180 NJ 33, Hamilton Twp (Mercer Co), NJ
181 PAXSON AVE and NJ 33, Hamilton Twp (Mercer Co), NJ
182 US 206 and BUCHANAN AVENUE, Hamilton Twp (Mercer Co), NJ
183 LAFAYETTE AVE and SEWELL AVENUE, Hamilton Twp (Mercer Co), NJ
184 ROUTE 533 and CR 620, Hamilton Twp (Mercer Co), NJ
185 MERCER COUNTY 622 and RYAN AVENUE, Hamilton Twp (Mercer Co), NJ
186 ANNABELLE AVENUE and BOW HILL AVENUE, Hamilton Twp (Mercer Co), NJ
187 ROUTE 533 and SLOAN AVENUE, Hamilton Twp (Mercer Co), NJ
188 PARKINSON AVE and MARY STREET, Hamilton Twp (Mercer Co), NJ
189 MERCER COUNTY 606 and POPE AVENUE, Hamilton Twp (Mercer Co), NJ
190 HAMILTON SQUARE-WHITEHORSE RD and BOW RD, Hamilton Twp (Mercer Co), NJ
191 ROUTE 535 and REGINA AVENUE, Hamilton Twp (Mercer Co), NJ
192 HAMILTON SQUARE-WHITEHORSE RD and SILVER COURT, Hamilton Twp (Mercer Co), NJ
193 NEW CEDAR LANE and S. BROAD ST, Hamilton Twp (Mercer Co), NJ
194 LIBERTY ST and CHAMBERS ST., Hamilton Twp (Mercer Co), NJ
195 GREENBRIAR RD and CR 618, Hamilton Twp (Mercer Co), NJ
196 1601 GREENWOOD AVE, Hamilton Twp (Mercer Co), NJ
197 ERMAN CT and MASSACHUSETTS AVENUE, Hamilton Twp (Mercer Co), NJ
198 PARK LANE and WALNUT AVE, Hamilton Twp (Mercer Co), NJ
199 MERCER COUNTY 618 and YARDVILLE-HAMILTON SQ ROAD, Hamilton Twp (Mercer Co), NJ
200 NJ 33 and CR 539, Hightstown Borough, NJ
201 ROUTE 571 and CR 539, Hightstown Borough, NJ
202 NJ 29 and GRANT STREET, Hopewell Twp (Mercer Co), NJ
203 ROUTE 546 and CR 632, Hopewell Twp (Mercer Co), NJ
204 MAPLETREE AVE and AVALON WAY, Lawrence Twp (Mercer Co), NJ
205 2999 PRINCETON PK, Lawrence Twp (Mercer Co), NJ
206 US 206, Lawrence Twp (Mercer Co), NJ
207 US 206 and CRAVEN LANE, Lawrence Twp (Mercer Co), NJ
208 LINDEN LN and FRANKLIN AVENUE, Princeton Borough, NJ
209 S HARRISON ST and HORNER LANE, Princeton Borough, NJ
210 PROSPECT AVE and PRINCETON AVENUE, Princeton Borough, NJ
211 NJ 27, Princeton Borough, NJ
212 NJ 27 and WITHERSPOON STREET, Princeton Borough, NJ
213 ROUTE 571 and FACULTY ROAD, Princeton Township, NJ
214 ALEXANDER RD and FACULTY RD, Princeton Township, NJ
215 WITHERSPOON ST and LEIGH AVENUE, Princeton Township, NJ
216 MOUNT LUCAS RD and HERRONTOWN ROAD, Princeton Township, NJ
217 HARRISON ST and TERHUNE ROAD, Princeton Township, NJ
218 S CLINTON AVE and RT 33, Trenton City, NJ
219 NJ 33 and CHESTNUT AVENUE, Trenton City, NJ
220 MERCER COUNTY 653 and BELLEVUE AVENUE, Trenton City, NJ
221 CROSS ST and CARROLL STREET, Trenton City, NJ
222 NJ 33 and SOUTH CLINTON AVENUE, Trenton City, NJ
223 NJ 129 and CR 606, Trenton City, NJ
224 PROSPECT ST and SPRING STREET, Trenton City, NJ
225 US 206 and CASS STREET, Trenton City, NJ
226 MONMOUTH ST and WALNUT AVENUE, Trenton City, NJ
227 HEWITT ST and ANDERSON STREET, Trenton City, NJ
228 EDGEWOOD AVE and HERMITAGE AVENUE, Trenton City, NJ
229 MARKET STREET and RT 206, Trenton City, NJ
230 QUINTIN AVE and RT 33, Trenton City, NJ
231 BELMONT CIR, Trenton City, NJ
232 US 206 SOUTHBOUND and FOUNTAIN AVE, Trenton City, NJ
233 NJ 31 and PROSPECT STREET, Trenton City, NJ
234 CLEVELAND AVE and FARRAGUT AVENUE, Trenton City, NJ
235 SOUTHARD ST and ESCHER STREET, Trenton City, NJ
236 NJ 129 and CR 650, Trenton City, NJ
237 CENTER ST and SHEPPARDS STREET, Trenton City, NJ
238 MERCER COUNTY 622, Trenton City, NJ
239 SOUTH COOK AVE and BELGRADE ALLEY, Trenton City, NJ
240 PERRY ST and ALLEN STREET, Trenton City, NJ
241 SOUTH COOK AVE and FARRAGUT AVENUE, Trenton City, NJ
242 MERCER COUNTY 635 and WALL STREET, Trenton City, NJ
243 US 206 and CASS STREET, Trenton City, NJ
244 MARKET STREET and STOCKTON STREET, Trenton City, NJ
245 MERCER COUNTY 606 and CLEVELAND AVENUE, Trenton City, NJ
246 CENTER ST and FURMAN STREET, Trenton City, NJ
247 REED DRIVE and VILLAGE RD WEST, West Windsor Township, NJ
248 WOODMERE WAY and AMHERST WAY, West Windsor Township, NJ
249 US 130 and DUTCH NECK ROAD, East Windsor Township, NJ
250 US 130 and HICKORY CORNER ROAD, East Windsor Township, NJ
251 US 130 and DUTCH NECK ROAD, East Windsor Township, NJ
252 HICKORY CORNER RD and KNOLL WOOD ROAD, East Windsor Township, NJ
253 HICKORY CORNER RD and KNOLLWOOD DRIVE, East Windsor Township, NJ
254 OAK CREEK RD and DUTCH NECK ROAD, East Windsor Township, NJ
255 ROUTE 539 and TOWN CENTER DRIVE, East Windsor Township, NJ
256 WYCOFFS MILL RD and PROBASCOR ROAD, East Windsor Township, NJ
257 MERCER COUNTY 611 and CR 636, Ewing Township, NJ
258 CLIFTON BLVD and ELM STREET, Ewing Township, NJ
259 NJ 31 and CR 622, Ewing Township, NJ
260 SIXTH STREET and CR 622, Ewing Township, NJ
261 MERCER COUNTY 613 and RT 206, Ewing Township, NJ
262 1600 OLDEN AVENUE (CENLAR), Ewing Township, NJ
263 WOODLAND AVE and RT 31, Ewing Township, NJ
264 MERCER COUNTY 622 and CR 639, Ewing Township, NJ
265 1655 OLDEN AVE(COLONIAL), Ewing Township, NJ
266 KLOCKNER RD and WHITEHORSE-HAMILTON SQ. RD., Hamilton Twp (Mercer Co), NJ
267 FENWAY ROAD and ARGONNE AVE., Hamilton Twp (Mercer Co), NJ
268 NJ 33 and YARDVILLE HAMILTON SQ RD, Hamilton Twp (Mercer Co), NJ
269 BOW HILL ROAD and ANNABELLE AVE, Hamilton Twp (Mercer Co), NJ
270 HUTCHINSON STREET and E BROWN ST, Hamilton Twp (Mercer Co), NJ
271 NJ 33 and PAXSON AVE, Hamilton Twp (Mercer Co), NJ
272 CENTRAL AVENUE and PITMAN AVE., Hamilton Twp (Mercer Co), NJ
273 MERCER COUNTY 622 and WATSON AVENUE, Hamilton Twp (Mercer Co), NJ
274 ROUTE 524 and COLERIDGE RD., Hamilton Twp (Mercer Co), NJ
275 ROUTE 533 and KLOCKNER RD., Hamilton Twp (Mercer Co), NJ
276 MERCER COUNTY 606 and KLEIN AVE, Hamilton Twp (Mercer Co), NJ
277 FLOCK RD and KLOCKNER ROAD, Hamilton Twp (Mercer Co), NJ
278 4680 NOTTINGHAM WAY, Hamilton Twp (Mercer Co), NJ
279 DEUTZ AVENUE and GIBBS AVENUE, Hamilton Twp (Mercer Co), NJ
280 WARD AVE and BONNIE AVE, Hamilton Twp (Mercer Co), NJ
281 MERCER COUNTY 620 and REEVES AVE., Hamilton Twp (Mercer Co), NJ
282 MERCER COUNTY 614 and KARL SUESS DRIVE, Hamilton Twp (Mercer Co), NJ
283 HOLT AVENUE and QUAKERBRIDGE RD, Hamilton Twp (Mercer Co), NJ
284 ROUTE 571 and SUMMIT STREET, Hightstown Borough, NJ
285 NJ 33 and MAXWELL AVENUE, Hightstown Borough, NJ
286 NJ 33 and SOUTH STREET, Hightstown Borough, NJ
287 US 1 BUSINESS and PRESIDENT AVENUE, Lawrence Twp (Mercer Co), NJ
288 GAINSBORO RD and LAWRENCE RD, Lawrence Twp (Mercer Co), NJ
289 HULFISH ST and PALMER SQUARE EAST, Princeton Borough, NJ
290 255 NASSAU STREET, Princeton Borough, NJ
291 PROSPECT AVE and MURRAY PLACE, Princeton Borough, NJ
292 BANK ST and CHAMBERS STREET, Princeton Borough, NJ
293 LAFAYETTE RD and HUNTER ROAD, Princeton Borough, NJ
294 NJ 27 and VANDEVENTER AVENUE, Princeton Borough, NJ
295 LOT 18 ACCESS ROAD and ELM DRIVE, Princeton Borough, NJ
296 HARRISON ST and FRANKLIN AVE., Princeton Borough, NJ
297 ELM DRIVE, Princeton Borough, NJ
298 PALMER STADIUM ACCESS RD-PRINCETON UNIV and WASHINGTON ROAD, Princeton Township, NJ
299 NJ 27 and SHADY BROOK LANE, Princeton Township, NJ
300 US 206 and HERRONTOWN ROAD, Princeton Township, NJ
301 NJ 33 and MONMOUTH STREET, Trenton City, NJ
302 ERNIE KOVACS PL and STOCKTON STREET, Trenton City, NJ
303 US 206, Trenton City, NJ
304 STEAMBOAT and ASBURY PLACE, Trenton City, NJ
305 SOUTH OVERBROOK and CUMBERLAND, Trenton City, NJ
306 S CLINTON AVE and WALLENBURG AVE., Trenton City, NJ
307 NJ 31 and CR 653, Trenton City, NJ
308 MERCER COUNTY 636 and BELLEVUE AVENUE, Trenton City, NJ
309 PROSPECT ST and RUTHERFORD AVENUE, Trenton City, NJ
310 ROEBLING AVE and SOUTH CLINTON AVENUE, Trenton City, NJ
311 ENTERPRISE AVE and PLUM STREET, Trenton City, NJ
312 CUMMINGS AVENUE and WHITTAKER AVENUE, Trenton City, NJ
313 SPRUCE ST and BRUNSWICK AVE., Trenton City, NJ
314 US 206 and U SIDE STREET, Trenton City, NJ
315 US 1 and BRIDGE STREET, Trenton City, NJ
316 US 206 and WEST INGHAM AVE, Trenton City, NJ
317 EMORY AVE and ANDERSON STREET, Trenton City, NJ
318 WHITTAKER AVE and CR 606, Trenton City, NJ
319 S CLINTON AVE and YARD AVENUE, Trenton City, NJ
320 MERCER COUNTY 622 and WALNUT AVENUE, Trenton City, NJ
321 CUMMINGS AVE and WASHINGTON STREET, Trenton City, NJ
322 S STOCKTON ST and ERNIE KOVALS PL, Trenton City, NJ
323 US 206 and REMSEN STREET, Trenton City, NJ
324 OAK LN, Trenton City, NJ
325 US 206 and FERRY ST., Trenton City, NJ
326 PERRY ST and STOCKTON ST., Trenton City, NJ
327 US 130 and WINDSOR ROAD, Washington Twp  (Mercer Co), NJ
328 ROUTE 526 and NEW VILLAGE ROAD, West Windsor Township, NJ
329 VILLAGE RD W. and NORTH POST ROAD, West Windsor Township, NJ
330 US 1 and CR 571, West Windsor Township, NJ
331 TAYLOR CT and AVALON WATCH APT COMPLEX, West Windsor Township, NJ
332 LAKE DRIVE and ABBINGTON DR., East Windsor Township, NJ
333 OLD MILLSTONE DRIVE and PINE LANE, East Windsor Township, NJ
334 NJ 33 and AIRPORT RD, East Windsor Township, NJ
335 NJ 33 and PROBASCO ROAD, East Windsor Township, NJ
336 NEW HILLCREST AVENUE and HENDRICKSON AVE., Ewing Township, NJ
337 MERCER COUNTY 622 and PROSPECT STREET (627), Ewing Township, NJ
338 SUSAN DRIVE and THOMAS PLACE, Ewing Township, NJ
339 NJ 31 and THERESA STREET, Ewing Township, NJ
340 MERCER COUNTY 622 and FIFTH ST, Ewing Township, NJ
341 THERESA STREET and DIXFIELD AVE, Ewing Township, NJ
342 MERCER COUNTY 618 and WILSON AVENUE, Hamilton Twp (Mercer Co), NJ
343 ROUTE 533 and JUSTICE ?, Hamilton Twp (Mercer Co), NJ
344 MERCER COUNTY 619 and ESTATES BLVD., Hamilton Twp (Mercer Co), NJ
345 ROUTE 533 and KNAPP AVENUE, Hamilton Twp (Mercer Co), NJ
346 NJ 33 and GEORGE DYE RD, Hamilton Twp (Mercer Co), NJ
347 MERCER COUNTY 606 and KLOCKNER RD., Hamilton Twp (Mercer Co), NJ
348 LAKE AVENUE and LAFAYETTE AVENUE, Hamilton Twp (Mercer Co), NJ
349 MERCER COUNTY 626 and CEDAR LN, Hamilton Twp (Mercer Co), NJ
350 MERCER COUNTY 626 and WILLIAM ST., Hamilton Twp (Mercer Co), NJ
351 NJ 33 and DONALD DR, Hamilton Twp (Mercer Co), NJ
352 MERCER COUNTY 620 and CR 533, Hamilton Twp (Mercer Co), NJ
353 FLOCK RD and PAXSON AVENUE, Hamilton Twp (Mercer Co), NJ
354 MERCER COUNTY 618 and HOOVER AVE., Hamilton Twp (Mercer Co), NJ
355 1750 WHITEHORSE AVE, Hamilton Twp (Mercer Co), NJ
356 NJ 33 and WARD AVENUE, Hamilton Twp (Mercer Co), NJ
357 WARD AVE and CR 606, Hamilton Twp (Mercer Co), NJ
358 PARK LANE and HOLLYWOOD DR., Hamilton Twp (Mercer Co), NJ
359 LAMONT AVENUE and KLOCKNER RD., Hamilton Twp (Mercer Co), NJ
360 KLOCKNER RD and YARDVILLE-HAMILTON SQ RD, Hamilton Twp (Mercer Co), NJ
361 MASSACHUSETTS AVENUE and NORMAN COURT, Hamilton Twp (Mercer Co), NJ
362 ROUTE 571 and PARKWAY, Hightstown Borough, NJ
363 NJ 33 and S. MAIN STREET, Hightstown Borough, NJ
364 ROUTE 539 and WEST WARD STREET, Hightstown Borough, NJ
365 NJ 31 and WASHINGTON CROSSING PENN, Hopewell Twp (Mercer Co), NJ
366 MERCER COUNTY 623 and SCOTCH RD, Hopewell Twp (Mercer Co), NJ
367 US 206 and EGGERTS CROSSING, Lawrence Twp (Mercer Co), NJ
368 VERMONT ST and BRUNSWICK AVE, Lawrence Twp (Mercer Co), NJ
369 NJ 27 and MURRAY PLACE, Princeton Borough, NJ
370 HAMILTON AVENUE and LINDEN LANE, Princeton Borough, NJ
371 WITHERSPOON ST and WIGGINS STREET, Princeton Borough, NJ
372 NJ 27 and CHAMBERS STREET, Princeton Borough, NJ
373 NJ 27 and CR 571, Princeton Borough, NJ
374 MOORE ST and FRANKLIN AVENUE, Princeton Borough, NJ
375 CHESTNUT STREET and SPRUCE STREET, Princeton Borough, NJ
376 ALEXANDER RD and COLLEGE ROAD, Princeton Borough, NJ
377 US 206 and EDGEHILL ST., Princeton Borough, NJ
378 NJ 27 and CHESTNUT STREET, Princeton Borough, NJ
379 TERHUNE RD and JEFFERSON RD., Princeton Township, NJ
380 NJ 27 and RIVERSIDE DRIVE, Princeton Township, NJ
381 ACCESS ROAD-PARKING LOT 20 and ELM DRIVE, Princeton Township, NJ
382 TERHUNE ROAD and NORTH HARRISON ST., Princeton Township, NJ
383 US 206 and EWING STREET, Princeton Township, NJ
384 PARKING LOT 15 and WASHINGTON ROAD, Princeton Township, NJ
385 CLEARVIEW AVENUE and N. HARRISON ST., Princeton Township, NJ
386 WESTERLY ROAD and WILSON ROAD, Princeton Township, NJ
387 US 206 and HERRONTOWN ROAD, Princeton Township, NJ
388 301 NO HARRISON ST (PRINCETON SHOPPING CTR), Princeton Township, NJ
389 NJ 27 and RIVERSIDE DRIVE EAST, Princeton Township, NJ
390 US 206 and EWING STREET, Princeton Township, NJ
391 MERCER COUNTY 604 and GENERAL JOHNSON RD. (JOHNSON PARK ?, Princeton Township, NJ
392 ROUTE 571 and FACULTY ROAD, Princeton Township, NJ
393 MELON STREET and EISENHOWER, Trenton City, NJ
394 MERCER COUNTY 635 and CUYLER AVE, Trenton City, NJ
395 MERCER COUNTY 606 and WASHINGTON ST, Trenton City, NJ
396 S CLINTON AVE and WALLENBERG PL., Trenton City, NJ
397 NJ 33 and CR 626, Trenton City, NJ
398 SOUTHARD ST, Trenton City, NJ
399 W STATE ST and WEST END AVENUE, Trenton City, NJ
400 SOUTH LOGAN AVENUE and GREENWOOD, Trenton City, NJ
401 EVANS AVENUE and US 206, Trenton City, NJ
402 RIVERSIDE AVENUE and COLONIAL AVE, Trenton City, NJ
403 S CLINTON AVE and MOTT ST, Trenton City, NJ
404 US 206, Trenton City, NJ
405 CHESTNUT AVE and CUMMING AVENUE, Trenton City, NJ
406 GREENWOOD AVE and DRIVEWAY OF 407 GREENWOOD, Trenton City, NJ
407 NJ 33 and HAMPTON STREET, Trenton City, NJ
408 BARNT STREET, Trenton City, NJ
409 NJ 31 and CR 653, Trenton City, NJ
410 US 206 and EVANS AVENUE, Trenton City, NJ
411 WATSON AVENUE and US 206, Trenton City, NJ
412 HOBART AVENUE and S. LOGAN, Trenton City, NJ
413 NEW YORK AVE, Trenton City, NJ
414 MERCER COUNTY 622 and PARKER AVENUE, Trenton City, NJ
415 STUYVESANT AVE and HERMITAGE AVE., Trenton City, NJ
416 TYLER STREET and CHAMBER ST, Trenton City, NJ
417 MERCER COUNTY 622 and GREENWOOD AVE, Trenton City, NJ
418 ETCHER STREET and SOUTHARD ST., Trenton City, NJ
419 LAMBERTON ST and LANDING ST., Trenton City, NJ
420 PERRY ST and SOUTHARD STREET, Trenton City, NJ
421 N OVERBROOK and EDGEWOOD AVE, Trenton City, NJ
422 SOUTHARD ST and PROCTOR ST, Trenton City, NJ
423 COOPER STREET and SHEPPARDS ST., Trenton City, NJ
424 E STATE ST, Trenton City, NJ
425 MULBERRY ST and NEW YORK AVE., Trenton City, NJ
426 LAKE DRIVE and HUTCHINSON ROAD, Washington Twp  (Mercer Co), NJ
427 SHARON RD and SPRING GARDEN RD., Washington Twp  (Mercer Co), NJ
428 US 130 and ROBBINSVILLE ALLENTOWN RD, Washington Twp  (Mercer Co), NJ
429 SPRING GARDEN RD and COTTAGE PLACE DRIVE, Washington Twp  (Mercer Co), NJ
430 MERCER COUNTY 638 and NORCHESTER DR., West Windsor Township, NJ
431 ROUTE 535 and VILLAGE ROAD EAST, West Windsor Township, NJ
432 ROUTE 526 and OLD TRENTON RD (RT. 526), West Windsor Township, NJ
433 WALLACE ROAD and SCOTT AVE, West Windsor Township, NJ
434 DUTCH NECK RD and WESTFIELD ROAD, East Windsor Township, NJ
435 NJ 33 and WOODSIDE AVENUE, East Windsor Township, NJ
436 113 PRINCETON ARMS, East Windsor Township, NJ
437 NJ 33 and PROBASCO RD, East Windsor Township, NJ
438 ROUTE 539 and PLYMOUTH DRIVE, East Windsor Township, NJ
439 MERCER COUNTY 622 and FIFTH ST, Ewing Township, NJ
440 NJ 31 and OAK LANE, Ewing Township, NJ
441 NJ 31 and CR 636, Ewing Township, NJ
442 SUNNYBRAE BLVD and US 206, Hamilton Twp (Mercer Co), NJ
443 PAXSON AVE and NJ 33, Hamilton Twp (Mercer Co), NJ
444 US 130 and CLARENDON AVENUE, Hamilton Twp (Mercer Co), NJ
445 MERCER COUNTY 614 and EAST STATE STREET, Hamilton Twp (Mercer Co), NJ
446 NJ 33 and CR 533, Hamilton Twp (Mercer Co), NJ
447 LIBERTY ST and WOOLSEY STREET, Hamilton Twp (Mercer Co), NJ
448 KLOCKNER RD and CLAYTON AVENUE, Hamilton Twp (Mercer Co), NJ
449 MERCER COUNTY 618 and MERCER ST, Hamilton Twp (Mercer Co), NJ
450 MERCER COUNTY 618 and ABERFOYLE DRIVE, Hamilton Twp (Mercer Co), NJ
451 MERCER COUNTY 619 and ESTATES BLVD., Hamilton Twp (Mercer Co), NJ
452 NJ 33 and MASSACHUSETTS AVENUE, Hamilton Twp (Mercer Co), NJ
453 US 130 and CROSSWICKS HAMILTON SQ RD, Hamilton Twp (Mercer Co), NJ
454 LAFAYETTE AVE and BUCHANAN AVE, Hamilton Twp (Mercer Co), NJ
455 W MCGALLIARD AVENUE and MADDOCK AVENUE, Hamilton Twp (Mercer Co), NJ
456 RENNIE STREET and WILFRED AVENUE, Hamilton Twp (Mercer Co), NJ
457 ROUTE 533 and FLOCK RD, Hamilton Twp (Mercer Co), NJ
458 PARKING LOT OF BOSTON WAY VILLAGE, Hamilton Twp (Mercer Co), NJ
459 ROUTE 524 and SUNNY BRAE BLVD, Hamilton Twp (Mercer Co), NJ
460 MERCER COUNTY 620 and COPPERFIELD DR, Hamilton Twp (Mercer Co), NJ
461 MERCER COUNTY 652 and CR 535, Hamilton Twp (Mercer Co), NJ
462 HEMPSTEAD RD and KERR DR., Hamilton Twp (Mercer Co), NJ
463 ROUTE 579 and CHURCH RD, Hopewell Twp (Mercer Co), NJ
464 MERCER COUNTY 624 and OLD MILL ROAD, Hopewell Twp (Mercer Co), NJ
465 ROUTE 569 and CR 604, Lawrence Twp (Mercer Co), NJ
466 2066 BRUNSWICK PIKE, Lawrence Twp (Mercer Co), NJ
467 LAKE DR and BRUNSWICK PIKE, Lawrence Twp (Mercer Co), NJ
468 ROUTE 583 and LAWRENCE ROAD, Lawrence Twp (Mercer Co), NJ
469 US 1, Lawrence Twp (Mercer Co), NJ
470 MERCER COUNTY 623 and RT 31, Pennington Borough, NJ
471 E DELAWARE AVE and KING GEORGE ROAD, Pennington Borough, NJ
472 PAUL ROBESON PL and CHAMBERS STREET, Princeton Borough, NJ
473 US 206 and WESTCOTT ROAD, Princeton Borough, NJ
474 WIGGINS STREET and JEFFERSON ROAD, Princeton Borough, NJ
475 WIGGINS STREET and TULANE STREET, Princeton Borough, NJ
476 NORTH HARRISON ST and TERHUNE ROAD, Princeton Township, NJ
477 HARRISON STREET and TERHUNE ROAD, Princeton Township, NJ
478 EWING STREET and GUYOT AVENUE, Princeton Township, NJ
479 NJ 27 and RIVERSIDE DRIVE, Princeton Township, NJ
480 ROUTE 571 and IVY LANE, Princeton Township, NJ
481 MERCER COUNTY 629 and WESTERN WAY, Princeton Township, NJ
482 BUNN DRIVE and NORTH HARRISON STREET, Princeton Township, NJ
483 HARTLEY AVENUE and SOUTH HARRISON SREET, Princeton Township, NJ
484 FRANKLIN AVENUE and TEE-AR PLACE, Princeton Township, NJ
485 S STOCKTON ST and MARKET STREET, Trenton City, NJ
486 MERCER COUNTY 606 and CR 622, Trenton City, NJ
487 S CLINTON AVE and RAUL WAILENBERG, Trenton City, NJ
488 OAKLAND STREET and HOFFMAN AVE, Trenton City, NJ
489 MERCER COUNTY 606 and HANFORD PL, Trenton City, NJ
490 S COOPER ST and SHEPPARD STREET, Trenton City, NJ
491 MARKET STREET and SOUTH BROAD STREET, Trenton City, NJ
492 COOLIDGE AVENUE and OLIVER AVE., Trenton City, NJ
493 NJ 33 and CR 626, Trenton City, NJ
494 US 206 and FURMAN STREET, Trenton City, NJ
495 SECOND ST and SCHENCK STREET, Trenton City, NJ
496 PASSAIC STREET and CASPER ALLEY, Trenton City, NJ
497 CHESTNUT AVE and ROEBLING AVENUE, Trenton City, NJ
498 SPRING STREET and CR 653, Trenton City, NJ
499 S CLINTON AVE and ROEBLING MARKET ENTRANCE, Trenton City, NJ
500 S CLINTON AVE and NJ 33, Trenton City, NJ
501 PERRY ST and PERRY, Trenton City, NJ
502 CLEVELAND AVE and WILMAR ALLEY, Trenton City, NJ
503 CASS ST and THIRD STREET, Trenton City, NJ
504 MERCER COUNTY 653 and WEST STATE STREET, Trenton City, NJ
505 ANDERSON STREET and KENT, Trenton City, NJ
506 LIVINGSTON STREET and US 206, Trenton City, NJ
507 TINDALL RD, Washington Twp  (Mercer Co), NJ
508 PARK HILL TERRACE and CANDLEWOOD DRIVE, West Windsor Township, NJ
509 CLARKSVILLE RD and WEST WINDSOR PLAINSBORO H.S. SOUTH, West Windsor Township, NJ
510 36 WINDSOR REGENCY, East Windsor Township, NJ
511 NJ 33 and WOODSIDE AVE, East Windsor Township, NJ
512 US 130 and OLD CRANBERRY RD, East Windsor Township, NJ
513 EVANSTON DRIVE and TWIN RIVERS DR, East Windsor Township, NJ
514 PROBASCO ROAD and DANBURY COURT, East Windsor Township, NJ
515 US 130 and ROUTE 571 / PRCTN-WRSTN RD / STOCKT, East Windsor Township, NJ
516 NJ 33 and MILFORD ROAD, East Windsor Township, NJ
517 1632 OLDEN AVE PARKING LOT, Ewing Township, NJ
518 NJ 31 and SOMERSET STREET, Ewing Township, NJ
519 1600 OLDEN AVENUE, Ewing Township, NJ
520 1675 PENNINGTON ROAD, Ewing Township, NJ
521 MERCER COUNTY 622 and CR 627, Ewing Township, NJ
522 ROUTE 524 and OAK LA, Hamilton Twp (Mercer Co), NJ
523 ROUTE 533 and YOUNGS RD, Hamilton Twp (Mercer Co), NJ
524 GRAND AVE and RENNIE ST., Hamilton Twp (Mercer Co), NJ
525 E PARK AVE and S BROAD ST, Hamilton Twp (Mercer Co), NJ
526 FERNDALE AVE and FAIRLAWN AVE., Hamilton Twp (Mercer Co), NJ
527 MERCER COUNTY 622 and EDMUND ST., Hamilton Twp (Mercer Co), NJ
528 FORMAN DR and NOTTINGHAM WAY, Hamilton Twp (Mercer Co), NJ
529 MERCER COUNTY 606 and JOHNSTON AVE., Hamilton Twp (Mercer Co), NJ
530 NJ 33 and WESTON AVE, Hamilton Twp (Mercer Co), NJ
531 ROUTE 535 and STEINER AVE, Hamilton Twp (Mercer Co), NJ
532 ROUTE 524 and CR 609/CR 672/S BROAD ST/YARDVILLE-, Hamilton Twp (Mercer Co), NJ
533 MERCER COUNTY 672 and TEA ROSE LANE, Hamilton Twp (Mercer Co), NJ
534 US 206 and E. PARK AVE, Hamilton Twp (Mercer Co), NJ
535 RUTGERS AVE and BOXWOOD AVE., Hamilton Twp (Mercer Co), NJ
536 ROUTE 524 and CR 609/CR 672/S BROAD ST/YARDVILLE-, Hamilton Twp (Mercer Co), NJ
537 GEORGE DYE RD and NJ 33, Hamilton Twp (Mercer Co), NJ
538 NJ 33 and JOHNSTON AVE, Hamilton Twp (Mercer Co), NJ
539 KLEIN AVE and HAMILTON AVE, Hamilton Twp (Mercer Co), NJ
540 MORRISON AVE and SUMMIT STREET, Hightstown Borough, NJ
541 ROUTE 579 and WOOSAMONSA RD, Hopewell Twp (Mercer Co), NJ
542 MERCER COUNTY 640 and PENNINGTON ROAD, Hopewell Twp (Mercer Co), NJ
543 MERCER COUNTY 624 and OLD MILL RD, Hopewell Twp (Mercer Co), NJ
544 ROUTE 546 and FRANKLIN RD / LEWISVILLE RD, Lawrence Twp (Mercer Co), NJ
545 ROUTE 533 and CR 608 / LAWRENCE STA. RD, Lawrence Twp (Mercer Co), NJ
546 ROUTE 583 and IRWIN PL, Lawrence Twp (Mercer Co), NJ
547 WEST DELAWARE and GREEN STREET, Pennington Borough, NJ
548 HARRISON ST and PELHAM ST, Princeton Borough, NJ
549 WITHERSPOON ST and GREEN STREET, Princeton Borough, NJ
550 NJ 27 and HARRISON ST, Princeton Borough, NJ
551 PROSPECT AVE and FITZRANDOLPH ROAD, Princeton Borough, NJ
552 WITHERSPOON ST and GREEN ST., Princeton Borough, NJ
553 HAMILTON AVE and SNOWDEN LANE, Princeton Borough, NJ
554 ROUTE 571 and FACULTY RD., Princeton Township, NJ
555 NORTH HARRISON STREET and VALLEY ROAD, Princeton Township, NJ
556 MERCER COUNTY 629 and TERHUNE ROAD, Princeton Township, NJ
557 JEFFERSON ROAD and TERHUNE ROAD, Princeton Township, NJ
558 US 206 and JEFFERSON ROAD, Princeton Township, NJ
559 WALNUT LANE and FRANKLIN AVENUE, Princeton Township, NJ
560 TERHUNE ROAD and N HARRISON STREET, Princeton Township, NJ
561 S STOCKTON ST and ERNIE KOVACS PL, Trenton City, NJ
562 S LOGAN AVE and NJ 33, Trenton City, NJ
563 MERCER COUNTY 606 and NEWKIRK AVE., Trenton City, NJ
564 FERRY ST and S WARREN ST, Trenton City, NJ
565 SOUTH STOCKTON and EAST FRONT STREET, Trenton City, NJ
566 E STATE ST and CR 626, Trenton City, NJ
567 ELMHURST AVE and BELLEVUE AVE, Trenton City, NJ
568 ANDERSON ST and WILLIAM ST, Trenton City, NJ
569 WEST METZGER DRIVE and STREET 3, Trenton City, NJ
570 S CLINTON AVE and LIBERTY ST, Trenton City, NJ
571 QUINTIN AVE and CULBERTSON AVE, Trenton City, NJ
572 PERRINEVILLE RD and ALLENS ROAD, Washington Twp  (Mercer Co), NJ
573 PARK STREET and HERITAGE STREET ALLEYWAY, Washington Twp  (Mercer Co), NJ
574 ALEXANDER RD and NORTH POST ROAD, West Windsor Township, NJ
575 PRINCETON JCT TRAIN STATION and ALEXANDER RD PERMIT LOT, West Windsor Township, NJ
576 MERCER COUNTY 629 and US 1, West Windsor Township, NJ
577 ALEXANDER RD and BEARBROOK ROAD, West Windsor Township, NJ
578 MERCER COUNTY 638 and EVERETT DRIVE (NORTHERN INTERSECT), West Windsor Township, NJ
579 ROUTE 526 and DARVEL DR, West Windsor Township, NJ
580 TWIN RIVERS DR N and AVON DRIVE, East Windsor Township, NJ
581 NJ 33 and AIRPORT RD, East Windsor Township, NJ
582 NJ 33 and PROBASCO RD, East Windsor Township, NJ
583 DUTCH NECK RD, East Windsor Township, NJ
584 351 EVANSTON DR, East Windsor Township, NJ
585 ROUTE 571 and CEDARVILLE RD, East Windsor Township, NJ
586 72 ROUTE 571 and ONE MILE ROAD, East Windsor Township, NJ
587 DUTCH NECK RD, East Windsor Township, NJ
588 MERCER COUNTY 622 and CR 627, Ewing Township, NJ
589 MERCER COUNTY 622 and PRINCETON AVE, Ewing Township, NJ
590 BEECHWOOD AVENUE and PARKWAY AVE (634), Ewing Township, NJ
591 MERCER COUNTY 627 and COLUMBIA AVE, Ewing Township, NJ
592 NJ 31 and BRUCE LANE, Ewing Township, NJ
593 MERCER COUNTY 622 and SIXTH ST, Ewing Township, NJ
594 NJ 175 and COUNTRY LN, Ewing Township, NJ
595 PARKWAY AVE (RITE AID), Ewing Township, NJ
596 US 206 and NEW CEDAR LA, Hamilton Twp (Mercer Co), NJ
597 KLOCKNER RD and SECRETARIO WAY, Hamilton Twp (Mercer Co), NJ
598 KLOCKNER RD and ARMOUR AVENUE, Hamilton Twp (Mercer Co), NJ
599 ABBEY PLACE and BENTON RD, Hamilton Twp (Mercer Co), NJ
600 NJ 33 and YARDVILLE-HAMILTON SQUARE RD, Hamilton Twp (Mercer Co), NJ
601 KUSER RD and WHITEHORSE MERCERVILLE RD, Hamilton Twp (Mercer Co), NJ
602 ROGERS CIRCLE and SOLOFF DR, Hamilton Twp (Mercer Co), NJ
603 BUCHANAN AVE and US 206, Hamilton Twp (Mercer Co), NJ
604 HUGHES DR and MERCER ST, Hamilton Twp (Mercer Co), NJ
605 MERCER COUNTY 619 and NOTTINGHILL LANE, Hamilton Twp (Mercer Co), NJ
606 SWEETBRIAR AVE and RUTGERS AVE, Hamilton Twp (Mercer Co), NJ
607 NJ 33 and PAXSON AVE, Hamilton Twp (Mercer Co), NJ
608 US 206 and WEST PARK AVE, Hamilton Twp (Mercer Co), NJ
609 REEVES AVE and ARENA DR, Hamilton Twp (Mercer Co), NJ
610 ROUTE 535 and NORWAY AVE, Hamilton Twp (Mercer Co), NJ
611 NJ 33 and GREENWOOD AVE, Hamilton Twp (Mercer Co), NJ
612 KLOCKNER RD and WHATLEY RD, Hamilton Twp (Mercer Co), NJ
613 2402 S BROAD ST, Hamilton Twp (Mercer Co), NJ
614 SCULPTORS WAY (WARD AVE) and NJ 33, Hamilton Twp (Mercer Co), NJ
615 LIBERTY ST and NEWKIRK AVE, Hamilton Twp (Mercer Co), NJ
616 LIBERTY ST and CHAMBERS ST., Hamilton Twp (Mercer Co), NJ
617 ROUTE 533 and NJ 33, Hamilton Twp (Mercer Co), NJ
618 INDEPENDENCE AVE and WEDGE AVE, Hamilton Twp (Mercer Co), NJ
619 ROUTE 518 and NEW RD, Hopewell Twp (Mercer Co), NJ
620 NJ 31 and I- 95, Hopewell Twp (Mercer Co), NJ
621 US 206 and GORDON AVE, Lawrence Twp (Mercer Co), NJ
622 BIRCHWOOD KN and OAKLYN TER, Lawrence Twp (Mercer Co), NJ
623 OHIO AVE and PURITAN AVE, Lawrence Twp (Mercer Co), NJ
624 PROVINCE LINE RD and PRINCETON PIKE, Lawrence Twp (Mercer Co), NJ
625 US 206 and EGGERT CROSSING RD, Lawrence Twp (Mercer Co), NJ
626 US 206 and I- 95, Lawrence Twp (Mercer Co), NJ
627 US 206 and WITTENBORN DR, Lawrence Twp (Mercer Co), NJ
628 MERCER COUNTY 604 and ROSEDALE ROAD, Princeton Borough, NJ
629 IVY LANE and WASHINGTON RD, Princeton Borough, NJ
630 US 206 and HODGE RD / PAUL ROBESON PL, Princeton Borough, NJ
631 NJ 27 and CHESTNUT ST, Princeton Borough, NJ
632 VANDEVENTER AVE and SPRING ST., Princeton Borough, NJ
633 ALEXANDER STREET and COLLEGE ROAD, Princeton Borough, NJ
634 HARRISON STREET and FRANKLIN AVENUE, Princeton Borough, NJ
635 PROSPECT AVE and WASHINGTON ROAD, Princeton Borough, NJ
636 ELM RD and ROSEDALE ROAD, Princeton Borough, NJ
637 ROUTE 571 and FACULTY RD, Princeton Township, NJ
638 ALEXANDER STREET and UNIVERSITY PLACE, Princeton Township, NJ
639 ACCESS DRIVE NORTH OF and ELM DRIVE, Princeton Township, NJ
640 HERRONTOWN RD and RIVER ROAD, Princeton Township, NJ
641 US 206 and JEFFERSON RD, Princeton Township, NJ
642 VALLEY RD and JEFFERSON ROAD, Princeton Township, NJ
643 US 206 and FERRY ST, Trenton City, NJ
644 PRINCETON AVE and CAIN AVE, Trenton City, NJ
645 US 206 and DIVISION ST, Trenton City, NJ
646 W STATE ST and CHANCERY LN, Trenton City, NJ
647 US 206 and ALLEN ST, Trenton City, NJ
648 US 206 and HUDSON ST, Trenton City, NJ
649 FAIRWAY DR, Trenton City, NJ
650 MERCER COUNTY 622 and OHIO AVE, Trenton City, NJ
651 E PAUL AVE and NASSAU ST, Trenton City, NJ
652 SANHICAN DR and MILL RD, Trenton City, NJ
653 PRINCETON AVE and HEIL AVE, Trenton City, NJ
654 NJ 33 and CR 622 / S OLDEN AVE, Trenton City, NJ
655 HUDSON ST and FULTON ST, Trenton City, NJ
656 PARK AVE and PIERCE AVE, Trenton City, NJ
657 NJ 31 and FRAZIER ST, Trenton City, NJ
658 MERCER COUNTY 650 and NJ 129, Trenton City, NJ
659 GENESEE ST and DAYTON ST, Trenton City, NJ
660 SOUTHARD ST and PERRY ST, Trenton City, NJ
661 PARK AVE and NEW JERSEY AVE, Trenton City, NJ
662 LAKE DRIVE and ROBBINSVILLE-EDINBURG ROAD, Washington Twp  (Mercer Co), NJ
663 465 MEADOW ROAD and PARKING LOT ALONG SIDE BUILDING #8, West Windsor Township, NJ
664 ALEXANDER RD and CANAL ROAD, West Windsor Township, NJ
665 CONOVER RD and CR 526, West Windsor Township, NJ
666 MERCER COUNTY 634 and DECOU AVE, Ewing Township, NJ
667 MERCER COUNTY 622 and CR 639, Ewing Township, NJ
668 MERCER COUNTY 622, Ewing Township, NJ
669 MERCER COUNTY 636 and CROSS ST, Ewing Township, NJ
670 MERCER COUNTY 634 and CR 622, Ewing Township, NJ
671 CENTRAL AVE and NJ 31, Ewing Township, NJ
672 MERCER COUNTY 620 and COPPERFIELD DR, Hamilton Twp (Mercer Co), NJ
673 MERCER COUNTY 606 and SAYBROOK AVE., Hamilton Twp (Mercer Co), NJ
674 YARDVILLE-HAMILTON SQ RD and LENOX AVE, Hamilton Twp (Mercer Co), NJ
675 US 206 and CEDAR LANE, Hamilton Twp (Mercer Co), NJ
676 JOHNSTON AVENUE and HOBART AVENUE, Hamilton Twp (Mercer Co), NJ
677 MERCER COUNTY 614 and WARNER DR, Hamilton Twp (Mercer Co), NJ
678 NJ 33 and ENDICOTT RD, Hamilton Twp (Mercer Co), NJ
679 NJ 33 and NOTTINGHAM WAY, Hamilton Twp (Mercer Co), NJ
680 ROUTE 524 and CROSSWICKS HAMILTON SQ RD, Hamilton Twp (Mercer Co), NJ
681 US 206 and SAMDIN BLVD, Hamilton Twp (Mercer Co), NJ
682 ROUTE 535 and JOHNSTON AVE, Hamilton Twp (Mercer Co), NJ
683 E PARK and BERG, Hamilton Twp (Mercer Co), NJ
684 ROUTE 524 and SUNNY BRAE BLVD, Hamilton Twp (Mercer Co), NJ
685 PHILLIPS AVE and WHITEHORSE AVE., Hamilton Twp (Mercer Co), NJ
686 ROUTE 539 and EAST WARD STREET, Hightstown Borough, NJ
687 PENNINGTON-TITUSVILLE RD and DUBLIN ROAD, Hopewell Twp (Mercer Co), NJ
688 ROUTE 546 and CR 637 / JACOBS CREEK RD, Hopewell Twp (Mercer Co), NJ
689 ROUTE 583 and SHORT OLDEN AVE, Lawrence Twp (Mercer Co), NJ
690 US 206 and BRUNSWICK CIR, Lawrence Twp (Mercer Co), NJ
691 ROUTE 533 and ROSEDALE RD, Lawrence Twp (Mercer Co), NJ
692 US 1 BUSINESS and PURITAN AVE, Lawrence Twp (Mercer Co), NJ
693 WIGGINS STREET, Princeton Borough, NJ
694 NJ 27 and PINE ST, Princeton Borough, NJ
695 LINDEN LANE and FRANKLIN AVE., Princeton Borough, NJ
696 NJ 27 and MAPLE ST, Princeton Borough, NJ
697 VANDEVENTER AVE and NASSAU ST., Princeton Borough, NJ
698 US 206, Princeton Borough, NJ
699 PROSPECT AVE and BROADMEAD, Princeton Borough, NJ
700 JEFFERSON ROAD and WIGGINS STREET, Princeton Borough, NJ
701 UNIVERSITY PLACE and COLLEGE ROAD, Princeton Borough, NJ
702 MERCER COUNTY 629 and VALLEY ROAD, Princeton Township, NJ
703 ALEXANDER RD and FACULTY ROAD, Princeton Township, NJ
704 EMORY AVE and WASHINGTON ST, Trenton City, NJ
705 NJ 33 and HAMPTON ST, Trenton City, NJ
706 PARKER AVE and CR 622, Trenton City, NJ
707 SOUTHARD ST and CR 653, Trenton City, NJ
708 MERCER COUNTY 606 and FRANKLIN ST, Trenton City, NJ
709 MERCER COUNTY 622 and CR 606, Trenton City, NJ
710 US 206 and HILLSIDE AVE, Trenton City, NJ
711 JERSEY ST and SMITH AVE, Trenton City, NJ
712 MARTIN LUTHER KING and EVANS AVE, Trenton City, NJ
713 US 206 Z, Trenton City, NJ
714 MERCER COUNTY 635 and CR 622, Trenton City, NJ
715 BEATTY ST and LALOR ST, Trenton City, NJ
716 DAYTON ST and GRAND ST, Trenton City, NJ
717 W STATE ST, Trenton City, NJ
718 E STATE ST and CUYLER AVE, Trenton City, NJ
719 MERCER COUNTY 626 and EUCLID AVE, Trenton City, NJ
720 GENESEE ST and HUDSON ST, Trenton City, NJ
721 CASS ST and SECOND ST, Trenton City, NJ
722 CHURCH STREET and US 130, Washington Twp  (Mercer Co), NJ
723 US 130 and US 33 / ROUTE 526 / ROBBINSVILLE BY, Washington Twp  (Mercer Co), NJ
724 NEW VILLAGE ROAD and SOUTHFIELD ROAD, West Windsor Township, NJ
725 ROUTE 526 and ROUTE 535 / OLD TRENTON RD, West Windsor Township, NJ
726 MERCER COUNTY 638 and WEST WINDSOR PLAINSBORO HIGH SCHOOL, West Windsor Township, NJ
727 700 ALEXANDER PARK and 700 ALEXANDER PARK DRIVEWAY, West Windsor Township, NJ
728 US 1 and ROUTE 571 / WASHINGTON RD, West Windsor Township, NJ
729 ROUTE 535 and NEW ROAD, West Windsor Township, NJ
730 NEW RD and MERCER COUNTY PARK MARINA ENTRANCE, West Windsor Township, NJ
731 ASCOT CRESCENT and BEAR BROOK ROAD, West Windsor Township, NJ
732 NJ 33 and HICKORY CORNER RD, East Windsor Township, NJ
733 ROUTE 539 and AIRPORT RD, East Windsor Township, NJ
734 LANNING BOULEVARD and CR 571, East Windsor Township, NJ
735 DUTCHNECK RD and WESTFIELD AVENUE, East Windsor Township, NJ
736 POLAND STREET and CR 636, Ewing Township, NJ
737 INGHAM AVENUE and ROOSEVELT STREET, Ewing Township, NJ
738 2015 PENNINGTON RD (CHURCH), Ewing Township, NJ
739 THERESA ST and LOWER FERRY ROAD (643), Ewing Township, NJ
740 901 CALHOUN ST (D AND A DELI), Ewing Township, NJ
741 1556 OLDEN AVE-CAPITAL PLAZA, Ewing Township, NJ
742 54 WEST UPPER FERRY ROAD, Ewing Township, NJ
743 MERCER COUNTY 634 and NJ 175 / RIVER RD, Ewing Township, NJ
744 MERCER COUNTY 643 and CSX TRAIN TRACKS, Ewing Township, NJ
745 NJ 31 and MELON ST, Ewing Township, NJ
746 NJ 31 and CARLTON AVE, Ewing Township, NJ
747 NJ 33 and WESTON AVE, Hamilton Twp (Mercer Co), NJ
748 NJ 33 and WARD AVE, Hamilton Twp (Mercer Co), NJ
749 LIBERTY ST and MOFFATT AVE., Hamilton Twp (Mercer Co), NJ
750 BUNTING AVENUE and HENRY STREET, Hamilton Twp (Mercer Co), NJ
751 KLOCKNER RD and YARDVILLE HAMILTON SQ RD, Hamilton Twp (Mercer Co), NJ
752 WHITEHORSE-HAMILTON SQ RD and KLOCKNER RD, Hamilton Twp (Mercer Co), NJ
753 MERCER COUNTY 619 and NOTTINGHILL LN, Hamilton Twp (Mercer Co), NJ
754 374 RT 33, Hamilton Twp (Mercer Co), NJ
755 FOY DR and PAXSON AVE: EXT, Hamilton Twp (Mercer Co), NJ
756 WHITEHORSE-HAMILTON SQ RD and KLOCKNER RD., Hamilton Twp (Mercer Co), NJ
757 US 206 and CHURCH HILL AVE, Hamilton Twp (Mercer Co), NJ
758 WARD AVE and NJ 33, Hamilton Twp (Mercer Co), NJ
759 CHURCHILL AVE and W. MCGALLIARD AVE, Hamilton Twp (Mercer Co), NJ
760 MERCER COUNTY 614 and WARNER DR, Hamilton Twp (Mercer Co), NJ
761 GENESEE ST and JOSEPH ST., Hamilton Twp (Mercer Co), NJ
762 S CLINTON AVE and WOODSIDE AVE, Hamilton Twp (Mercer Co), NJ
763 BANK STREET and MECHANIC STREET, Hightstown Borough, NJ
764 MERCER COUNTY 654 and N LANNING AVE / S LANNING AVE, Hopewell Borough, NJ
765 ROUTE 518 and N GREENWOOD AV, Hopewell Twp (Mercer Co), NJ
766 NJ 31 and DIVERTY RD, Hopewell Twp (Mercer Co), NJ
767 NJ 29 and COLEMAN LANE, Hopewell Twp (Mercer Co), NJ
768 US 206 and MAPLEWOOD AVE, Lawrence Twp (Mercer Co), NJ
769 GEORGE ST and PHILLIPS AVE, Lawrence Twp (Mercer Co), NJ
770 100 FACULTY RD and FACULTY RD, Princeton Borough, NJ
771 WITHERSPOON ST and SHIRLEY COURT, Princeton Borough, NJ
772 N HARRISON ST and HAMILTON AVE, Princeton Borough, NJ
773 LINDEN LANE and HAMILTON AVENUE, Princeton Borough, NJ
774 US 206 and HODGE RD / PAUL ROBESON PL, Princeton Borough, NJ
775 BIRCH AVENUE and WITHERSPOON STREET, Princeton Township, NJ
776 MERCER COUNTY 604 and GENERAL JOHNSON RD, Princeton Township, NJ
777 MT LUCAS ROAD and REDDING CIRCLE, Princeton Township, NJ
778 GREAT RD WEST and PRETTYBROOK ROAD, Princeton Township, NJ
779 MT LUCAS ROAD and CAMPBELL WOODS WAY, Princeton Township, NJ
780 BIRCH AVENUE and JOHN STREET, Princeton Township, NJ
781 MERCER COUNTY 605 and SYCAMORE ROAD, Princeton Township, NJ
782 US 206 and US 1 BUSINESS / CR 645 / STRAWBERRY, Trenton City, NJ
783 US 206 and OLD ROSE ST, Trenton City, NJ
784 S CLINTON AVE and SHERMAN AVE, Trenton City, NJ
785 BELLEVUE AVE and PROSPECT ST, Trenton City, NJ
786 PASSAIC ST and CALHOUN ST, Trenton City, NJ
787 NJ 129 and CR 650 / LALOR ST, Trenton City, NJ
788 MERCER COUNTY 622, Trenton City, NJ
789 MERCER COUNTY 626 and CR 635 / E STATE ST, Trenton City, NJ
790 WASHINGTON ST and ANDERSON ST, Trenton City, NJ
791 MERCER COUNTY 636 and WHITTIER AVE, Trenton City, NJ
792 US 206 and MARKET ST, Trenton City, NJ
793 CENTENNIAL AVE and WESLEY ALY, Trenton City, NJ
794 COOLIDGE AVE and OAKLAND STREET, Trenton City, NJ
795 PERRY ST and N BROAD ST, Trenton City, NJ
796 US 206 and DIVISION ST, Trenton City, NJ
797 BELLEVUE AVE and MARION STREET, Trenton City, NJ
798 WARREN STREET and BANK STREET, Trenton City, NJ
799 NJ 29, Trenton City, NJ
800 US 206 and CENTRE ST / GREENWOOD AVE, Trenton City, NJ
801 E STATE ST and BARRY HOGAN WAY, Trenton City, NJ
802 N POST RD and VILLAGE ROAD WEST, West Windsor Township, NJ
803 ROUTE 526 and NEW VILLAGE RD, West Windsor Township, NJ
804 189 PRINCETON ARMS NORTH 2 (PARKING LOT), East Windsor Township, NJ
805 DAVISON ROAD and WARD STREET, East Windsor Township, NJ
806 US 130 and ROUTE 571 / PRCTN-WRSTN RD / STOCKT, East Windsor Township, NJ
807 MERCER COUNTY 630 and BRADFORD RD, East Windsor Township, NJ
808 ROUTE 571 and WARD ST, East Windsor Township, NJ
809 ABBINGTON DRIVE and LAKE DRIVE, East Windsor Township, NJ
810 MERCER COUNTY 630 and ROUTE 539 / YORK RD, East Windsor Township, NJ
811 1488 PENNINGTON ROAD, Ewing Township, NJ
812 RADNOR AVENUE and BERWYN AVENUE, Ewing Township, NJ
813 1510 OLDEN AVENUE, Ewing Township, NJ
814 WILFRED AVE and LILY ST, Hamilton Twp (Mercer Co), NJ
815 WARD AVE and NJ 33, Hamilton Twp (Mercer Co), NJ
816 MERCER COUNTY 618 and CREST AVE, Hamilton Twp (Mercer Co), NJ
817 MERCER COUNTY 614 and ROSALIA AVE, Hamilton Twp (Mercer Co), NJ
818 HUGHES DR and YOUNGS RD, Hamilton Twp (Mercer Co), NJ
819 NJ 33 and WEGNER AVE, Hamilton Twp (Mercer Co), NJ
820 S CLINTON AVE and JOSEPH ST, Hamilton Twp (Mercer Co), NJ
821 ROUTE 533 and MAGNOLIA LN, Hamilton Twp (Mercer Co), NJ
822 HOMESTEAD AVE and SO BROAD ST, Hamilton Twp (Mercer Co), NJ
823 CHURCH ST and S. BROAD ST, Hamilton Twp (Mercer Co), NJ
824 MERCER COUNTY 606 and SAYBROOK AVE, Hamilton Twp (Mercer Co), NJ
825 MERCER COUNTY 616 and FIRST AVE, Hamilton Twp (Mercer Co), NJ
826 CYPRESS LN and HOBBS RD, Hamilton Twp (Mercer Co), NJ
827 ESTATES BLVD and WHITEHORSE HAMILTON SQUARE RD., Hamilton Twp (Mercer Co), NJ
828 CROSSWICKS HAMILTON SQUARE RD and EDGEBROOK RD, Hamilton Twp (Mercer Co), NJ
829 265 WHITEHEAD RD, Hamilton Twp (Mercer Co), NJ
830 KUSER RD and ESTATES BLVD, Hamilton Twp (Mercer Co), NJ
831 NEW CEDAR LN and S BROAD ST, Hamilton Twp (Mercer Co), NJ
832 KLOCKNER RD and NEGRON DR, Hamilton Twp (Mercer Co), NJ
833 BANK STREET and MECHANIC STREET, Hightstown Borough, NJ
834 ROUTE 518 and PRINCETON AV, Hopewell Twp (Mercer Co), NJ
835 PRINCETON AVE and E BROAD ST, Hopewell Twp (Mercer Co), NJ
836 NJ 31 and WOOSAMONSA RD, Hopewell Twp (Mercer Co), NJ
837 TEXAS AVE and US 1B, Lawrence Twp (Mercer Co), NJ
838 ROUTE 533, Lawrence Twp (Mercer Co), NJ
839 ROUTE 583 and ROUTE 569 / FACKLER RD, Lawrence Twp (Mercer Co), NJ
840 FITZRANDOLPH ROAD and WESTERN WAY, Princeton Township, NJ
841 VANDEVENTER AVENUE and PARK PLACE, Princeton Township, NJ
842 MACLEAN ST and WITHERSPOON ST., Princeton Township, NJ
843 S HARRISON ST and SERGEANT STREET, Princeton Township, NJ
844 NORTH HARRISON ST and VALLEY RD., Princeton Township, NJ
845 NORTH HARRISON STREET and HORNOR LANE, Princeton Township, NJ
846 US 206 and STOCKTON ST., Princeton Township, NJ
847 185 ELM DR and BAKER LN, Princeton Township, NJ
848 HAMILTON AVENUE and LINDEN LANE, Princeton Township, NJ
849 NJ 27 and PALMER SQ W, Princeton Township, NJ
850 HAMILTON AVENUE and HARRISON ST., Princeton Township, NJ
851 UNIVERSITY PLACE and ALEXANDER ROAD, Princeton Township, NJ
852 SNOWDEN LA and ROLLING MEAD, Princeton Township, NJ
853 BIRCH AVE and JOHN STREET, Princeton Township, NJ
854 S HARRISON ST and PROSPECT AVENUE, Princeton Township, NJ
855 LEIGH AVENUE and JOHN STREET, Princeton Township, NJ
856 HUDSON ST and PEARL ST, Trenton City, NJ
857 STUYVESANT AVE and CHRISTOPH ST, Trenton City, NJ
858 CASS ST and CENTRE ST, Trenton City, NJ
859 MERCER COUNTY 653 and SPRING ST, Trenton City, NJ
860 MERCER COUNTY 606 and E CANAL ST, Trenton City, NJ
861 MERCER COUNTY 635 and CHESTNUT AVE / RAUL WALLENBERG AVE, Trenton City, NJ
862 MERCER COUNTY 606 and S CLINTON AVE, Trenton City, NJ
863 MERCER COUNTY 653 and W STATE ST, Trenton City, NJ
864 S BROAD ST and DYE ST, Trenton City, NJ
865 MERCER COUNTY 606 and WASHINGTON ST, Trenton City, NJ
866 E STATE ST and N MONTGOMERY ST, Trenton City, NJ
867 FERRY ST and S BROAD ST, Trenton City, NJ
868 ROUTE 526 and NJ 33, Washington Twp  (Mercer Co), NJ
869 ROUTE 535 and ROBBINSVILLE RD., West Windsor Township, NJ
870 MERCER COUNTY 638 and N POST RD, West Windsor Township, NJ
871 ROUTE 526 and HAWTHORNE DR / SPRUCE ST, West Windsor Township, NJ
872 ASCOT CRESENT and BEAR BROOK RD., West Windsor Township, NJ
873 PRINCETON JUNCTION TRAIN STATION and STATION DRIVE PAY LOT, West Windsor Township, NJ
874 ROUTE 533 and MALL RD, West Windsor Township, NJ
875 ALEXANDER RD and VAUGHN DRIVE, West Windsor Township, NJ
876 NJ 33 and LAKE DR, East Windsor Township, NJ
877 ROUTE 535 and ONE MILE RD, East Windsor Township, NJ
878 US 130 and 839 ROUTE 130 NORTH (PARKING LOT), East Windsor Township, NJ
879 1 MILE RD and COUNTY ROAD 571, East Windsor Township, NJ
880 2108 PENNINGTON RD, Ewing Township, NJ
881 MERCER COUNTY 634 and RIVERVIEW DR, Ewing Township, NJ
882 MERCER COUNTY 634 and CR 622 / LEXINGTON AVE / N OLDEN AV, Ewing Township, NJ
883 1655 OLDEN AVENUE, Ewing Township, NJ
884 MERCER COUNTY 643 and CR 634 / PARKWAY AVE, Ewing Township, NJ
885 EGGERTS CROSSING RD and CR 636, Ewing Township, NJ
886 SHILLER AVE and ROWAN AVE, Hamilton Twp (Mercer Co), NJ
887 ROUTE 535 and PAXSON AVE, Hamilton Twp (Mercer Co), NJ
888 MERCER COUNTY 618 and BERKELEY ST, Hamilton Twp (Mercer Co), NJ
889 NJ 33 and WARD AVE, Hamilton Twp (Mercer Co), NJ
890 YOUNGS RD and COUNTY ROAD 533, Hamilton Twp (Mercer Co), NJ
891 ROUTE 539 and WARD ST, Hightstown Borough, NJ
892 ROUTE 569 and CLEVELAND RD, Hopewell Twp (Mercer Co), NJ
893 SKILLMAN AVE and LAWRENCE RD, Lawrence Twp (Mercer Co), NJ
894 JOHN ST and BIRCH AVE, Princeton Township, NJ
895 WITHERSPOON ST and BIRCH AVE, Princeton Township, NJ
896 NJ 27 and MORAN AVE, Princeton Township, NJ
897 OLDEN ST and WILLIAM ST, Princeton Township, NJ
898 SMITH AVE and BARNT AVE, Trenton City, NJ
899 US HIGHWAY 206 and WATSON AVE, Trenton City, NJ
900 MERCER CTY 606 and REVERE AVE, Trenton City, NJ
901 ESCHER ST and SOUTHARD ST, Trenton City, NJ
902 LOT ST # 8 and METZGER DR, Trenton City, NJ
903 CENTRE ST and INGLETON ST, Trenton City, NJ
904 ANDERSON ST and GENESEE ST, Trenton City, NJ
905 RTE 526 and BUCKLEY LN, Washington Twp  (Mercer Co), NJ
906 ALEXANDER RD and HARRIS RD, West Windsor Township, NJ
907 MERCER CTY 638 and N POST RD, West Windsor Township, NJ
908 ROUTE 535 and COLT CIRCLE, West Windsor Township, NJ
909 VILLAGE ROAD WEST and VILLAGE ROAD, West Windsor Township, NJ
910 US 130 and MAPLE STREAM RD, East Windsor Township, NJ
911 PRINCESS DIANA LN and NEW WILLOW ST, Ewing Township, NJ
912 MERCER COUNTY 636 and BUTTONWOOD DR, Ewing Township, NJ
913 US 206 and PARK AVE, Hamilton Twp (Mercer Co), NJ
914 NJ 33 and LYNWOOD AVE, Hamilton Twp (Mercer Co), NJ
915 MERCER COUNTY 606 and JOHNSON AVE, Hamilton Twp (Mercer Co), NJ
916 KUSER RD and KLOCKNER ROAD, Hamilton Twp (Mercer Co), NJ
917 ROUTE 571 and OAK LANE, Hightstown Borough, NJ
918 ROUTE 583 and BETTS AVE, Lawrence Twp (Mercer Co), NJ
919 LAWRENCE STATION RD and BAKERS BASIN RD, Lawrence Twp (Mercer Co), NJ
920 ROUTE 583 and LOVERS LN / OLDEN LN, Princeton Township, NJ
921 CLEARVIEW AVE and CR 629, Princeton Township, NJ
922 NJ 27 and MORAN AVE, Princeton Township, NJ
923 CEDAR LN and SYCAMORE RD, Princeton Township, NJ
924 MERCER COUNTY 629 and CLEARVIEW AVE, Princeton Township, NJ
925 MERCER COUNTY 606, Trenton City, NJ
926 DIVISION ST, Trenton City, NJ
927 US 206 and CHESTNUT AVE, Trenton City, NJ
928 NJ 129 and CR 650 / LALOR ST, Trenton City, NJ
929 FEDERAL ST and CENTRE ST, Trenton City, NJ
930 PIEDMONT ALY and CR 622, Trenton City, NJ
931 US 206 and DAYTON ST, Trenton City, NJ
932 ROUTE 526 and UNION ST, Washington Twp  (Mercer Co), NJ
933 MEADOW RD and TOLL HOUSE DR., West Windsor Township, NJ
934 MERCER COUNTY 638 and EVERETT DR, West Windsor Township, NJ
935 LE PARC DR and REDWOOD CT., West Windsor Township, NJ
936 US 1 and WASHINGTON RD (CR571), West Windsor Township, NJ
937 US 130, East Windsor Township, NJ
938 MERCER COUNTY 606, Hamilton Twp (Mercer Co), NJ
939 US 206, Hamilton Twp (Mercer Co), NJ
940 US 1 BUSINESS, Lawrence Twp (Mercer Co), NJ
941 NORTH DRIVEWAY-FORBES COLLEGE-PRIN? and ALEXANDER STREET, Princeton Borough, NJ
942 SOUTHARD ST, Trenton City, NJ
943 RUTHERFORD AVE and HOFFMAN AVENUE, Trenton City, NJ
944 FREUDENMACHER AL and BERTTY ST., Trenton City, NJ
945 WEST STATE ST, Trenton City, NJ
946 C/O INGAHM and CALHOUN ST, Trenton City, NJ
947 US 206 SOUTHBOUND and FEDERAL ST, Trenton City, NJ
948 RUTHERFORD AVE and HOFFMAN AVENUE, Trenton City, NJ
949 OAKLAND ST 351, Trenton City, NJ
950 NJ 33 and HARFORD PL, Trenton City, NJ
951 310 PROSPECT ST PARKING LOT, Trenton City, NJ
952 CENTER ST and BRIDGE ST, Trenton City, NJ
953 1600 N OLDEN AVE (CVS), Ewing Township, NJ
954 KLOCKNER RD, Hamilton Twp (Mercer Co), NJ
955 BOWHILL AVENUE and MARSHALL AVENUE, Hamilton Twp (Mercer Co), NJ
956 US 206, Hamilton Twp (Mercer Co), NJ
957 US 1 BUSINESS and TEXAS AVENUE, Lawrence Twp (Mercer Co), NJ
958 PERRY ST and SOUTHARD STREET, Trenton City, NJ
959 NJ 33 and CHESTNUT AVENUE, Trenton City, NJ
960 SOUTH COOK AVE and WALNUT AVENUE, Trenton City, NJ
961 ADELINE ST and BEATTY STREET, Trenton City, NJ
962 OAKLAND ST and HOFFMAN AVENUE, Trenton City, NJ
963 S CLINTON AVE and MAGOWAN STREET, Trenton City, NJ
964 MERCER COUNTY 653 and WEST STATE STREET, Trenton City, NJ
965 NJ 33 and CR 626, Trenton City, NJ
966 LIBERTY ST and WILLIAM STREET, Trenton City, NJ
967 ELVON AL and SOUTH WALTER AVENUE, Trenton City, NJ
968 NEW JERSEY STATE PARKING LOT NUMBER THREE, Trenton City, NJ
969 US 206 and SOUTHARD STREET, Trenton City, NJ
970 NORTH CLINTON AVE and MEADE STREET, Trenton City, NJ
971 MALONE ST and RT 206, Trenton City, NJ
972 MERCER COUNTY 622 and RT 206, Trenton City, NJ
973 NJ 129 and CASS STREET, Trenton City, NJ
974 ANDERSON ST and HEWITT STREET, Trenton City, NJ
975 S CLINTON AVE and BARLOW STREET, Trenton City, NJ
976 NORTH WILLOW ST and KIRKBRIDE AVENUE, Trenton City, NJ
977 HOFFMAN AVE and OLIVER STREET, Trenton City, NJ
978 MERCER COUNTY 650 and DRESDEN AVENUE, Trenton City, NJ
979 NORTH CLINTON AVE, Trenton City, NJ
980 OLIVE ST and RT 206, Trenton City, NJ
981 CHARLES ST and ANDERSON STREET, Trenton City, NJ
982 LAKESIDE DR and GENESEE STREET, Trenton City, NJ
983 LINCOLN  AVE and NORTH CLINTON AVENUE, Trenton City, NJ
984 ROUTE 571, East Windsor Township, NJ
985 NJ 33 and DAVISON ROAD, East Windsor Township, NJ
986 ROUTE 571 and ONE MILE ROAD, East Windsor Township, NJ
987 CORNELL AVE and CHEWALLA BOULEVARD, Hamilton Twp (Mercer Co), NJ
988 KLOCKNER RD and SECRETARIO WAY, Hamilton Twp (Mercer Co), NJ
989 OLD YORK RD and SAWMILL ROAD, Hamilton Twp (Mercer Co), NJ
990 METZCHE DRIVE EAST and C STREET, Hamilton Twp (Mercer Co), NJ
991 ROUTE 583 and CRESTHILL ROAD, Lawrence Twp (Mercer Co), NJ
992 NORTH CLINTON AVE and PERRINE AVENUE, Trenton City, NJ
993 MELROSE AVE and CR 606, Trenton City, NJ
994 QUINTON AVE and RT 33, Trenton City, NJ
995 ENTERPRISE AVE, Trenton City, NJ
996 WEST STATE ST, Trenton City, NJ
997 SOUTHARD ST and ESCHER STREET, Trenton City, NJ
998 1200 GREENWOOD AVE and C V S PHARMACY, Trenton City, NJ
999 NEW YORK AVE and CR 622, Trenton City, NJ
1000 S CLINTON AVE and PEARL STREET, Trenton City, NJ
1001 NJ 33 and SOUTH CLINTON AVEENUE, Trenton City, NJ
1002 US 206 and VINE STREET, Trenton City, NJ
1003 ROUTE 539 and CONOVER ROAD, East Windsor Township, NJ
1004 SUPERFRESH PARKING LOT and ROUTE 130, East Windsor Township, NJ
1005 MERCER COUNTY 622 and RT 31, Ewing Township, NJ
1006 NEW CEDAR LANE and LAFAYETTE AVE, Hamilton Twp (Mercer Co), NJ
1007 NORWAY AVENUE and WALNUT AVE, Hamilton Twp (Mercer Co), NJ
1008 JOHNSTON AVENUE and GREENWOOD AVE, Hamilton Twp (Mercer Co), NJ
1009 US 206 and HOMESTEAD AVENUE, Hamilton Twp (Mercer Co), NJ
1010 HUTCHINSON AVENUE and E. FRANKLIN AVE, Hamilton Twp (Mercer Co), NJ
1011 US 1 BUSINESS and PEAR STREET, Lawrence Twp (Mercer Co), NJ
1012 CHAMBERS ST and GREENWOOD AVE, Trenton City, NJ
1013 US 206 and LAKESIDE BLVD, Trenton City, NJ
1014 MERCER COUNTY 606 and CR 626, Trenton City, NJ
1015 THIRD ST and CASS STREET, Trenton City, NJ
1016 US 206 and E. STATE ST, Trenton City, NJ
1017 S CLINTON AVE and BUTLER STREET, Trenton City, NJ
1018 WALNUT AVE and CR 622, Trenton City, NJ
1019 I-95  N.J. TURNPIKE, Washington Twp  (Mercer Co), NJ
1020 MERCER COUNTY 634 and FARRELL AVE, Ewing Township, NJ
1021 ROUTE 533 and EATON AVE, Hamilton Twp (Mercer Co), NJ
1022 NEW CEDAR LANE and MCCLELLAN AVE, Hamilton Twp (Mercer Co), NJ
1023 LANGHAM WAY and FALMOUTH RD, Hamilton Twp (Mercer Co), NJ
1024 E PARK AVE and GENESEE ST., Hamilton Twp (Mercer Co), NJ
1025 GROPP AVENUE and SHARPS LANE, Hamilton Twp (Mercer Co), NJ
1026 HANCOURT DR and RT 206, Hamilton Twp (Mercer Co), NJ
1027 MERCER COUNTY 618 and M? ST, Hamilton Twp (Mercer Co), NJ
1028 STONY BROOK ROAD and MINE ROAD, Hopewell Twp (Mercer Co), NJ
1029 PENNINGTON-TITUSVILLE RD and DUBLIN RD, Hopewell Twp (Mercer Co), NJ
1030 MERCER COUNTY 613 and PRINCETON AVE., Lawrence Twp (Mercer Co), NJ
1031 WITHERSPOON ST and HULFISH ST, Princeton Borough, NJ
1032 GRAND ST and LIBERTY ST., Trenton City, NJ
1033 PERRY ST and ALLEN ST, Trenton City, NJ
1034 LINCOLN AVE and EAST STATE STREET, Trenton City, NJ
1035 NJ 33 and CONOVERS ALLEY, Trenton City, NJ
1036 WALLACE ROAD and SCOTT AVE, West Windsor Township, NJ
1037 NORTH MAIN STREET and TOWN CENTER ROAD, East Windsor Township, NJ
1038 MERCER COUNTY 626 and WILLIAM ST, Hamilton Twp (Mercer Co), NJ
1039 2630 NOTINGHAM WAY, Hamilton Twp (Mercer Co), NJ
1040 KLOCKNER RD and WHITEHORSE HAMILTON SQ RD, Hamilton Twp (Mercer Co), NJ
1041 ELM DRIVE STREET/EDWARDS HALL and MC COSH WALKWAY AT ELM, Princeton Borough, NJ
1042 SPRUCE STREET and CHESTNUT STREET, Princeton Borough, NJ
1043 CASS ST and LAMBERTON, Trenton City, NJ
1044 DEXTER ST and EAST PAUL AVENUE, Trenton City, NJ
1045 E STATE ST and STOCKTON STREET, Trenton City, NJ
1046 PROSPECT ST and STUYVESANT, Trenton City, NJ
1047 VIRGINIA AVE, Trenton City, NJ
1048 NEW YORK AVE and CR 622, Trenton City, NJ
1049 WASHINGTON and CR 606, Trenton City, NJ
1050 GLADSTONE AVE and SCHUYLER ALLEY, Trenton City, NJ
1051 COURTLAND ST and GIRARD AVENUE, Trenton City, NJ
1052 MERCER COUNTY 606 and ANDERSON ST, Trenton City, NJ
1053 FRANKLIN ST and EAST HOWELL STREET, Trenton City, NJ
1054 LIBERTY ST and SOUTH CLINTON AVENUE, Trenton City, NJ
1055 SHARON RD and GORDON ROAD, Washington Twp  (Mercer Co), NJ
1056 NJ 33 and WASHINGTON BLOUEVARD, Washington Twp  (Mercer Co), NJ
1057 ROUTE 571 and US 130, East Windsor Township, NJ
1058 DOT PARKING LOT and LOWER FERRY ROAD, Ewing Township, NJ
1059 MERCER COUNTY 622 and ESTATES BLVD, Hamilton Twp (Mercer Co), NJ
1060 NJ 33 and JOHNSTON AVE, Hamilton Twp (Mercer Co), NJ
1061 WHITEHORSE HAMILTON SQUARE RD and NJ 33, Hamilton Twp (Mercer Co), NJ
1062 NJ 27 and ROUTE 571 / VANDEVENTER AVE / WASHI, Princeton Borough, NJ
1063 NJ 27 and WITHERSPOON ST, Princeton Borough, NJ
1064 ELM DRIVE STREET and DILLON PARKING LOT, Princeton Borough, NJ
1065 HENRY AVE and MOORE STREET, Princeton Township, NJ
1066 NJ 29 and CASS ST / THUNDER RD, Trenton City, NJ
1067 N WARREN ST and MCCHARLES ALY, Trenton City, NJ
1068 SMITH ST and VIRGINIA AVE, Trenton City, NJ
1069 HERMITAGE AVE and RUTHERFORD AVE, Trenton City, NJ
1070 LAKESIDE AVE and S CLINTON AVE, Trenton City, NJ
1071 S CLINTON AVE and REMSEN ST, Trenton City, NJ
1072 CHURCH ST and CR 653, Trenton City, NJ
1073 W STATE ST and N WILLOW ST, Trenton City, NJ
1074 MONMOUTH ST and CULBERTSON AVE, Trenton City, NJ
1075 NJ 29 and S WARREN ST, Trenton City, NJ
1076 PERRY ST and EWING ST, Trenton City, NJ
1077 NJ 33 and S COOK AVE, Trenton City, NJ
1078 MERCER COUNTY 622 and NJ 33, Trenton City, NJ
1079 PERRY ST and N BROAD ST, Trenton City, NJ
1080 WALNUT AVE, Trenton City, NJ
1081 MERCER COUNTY 650 and BEATTY ST, Trenton City, NJ
1082 N STOCKTON ST and ACADEMY ST, Trenton City, NJ
1083 PROSPECT ST and E STUYVESANT AVE, Trenton City, NJ
1084 S CLINTON AVE and YARD AVENUE, Trenton City, NJ
1085 CASS ST and THIRD ST, Trenton City, NJ
1086 CASS ST and ADELINE ST, Trenton City, NJ
1087 DIVISION ST and GENESEE ST, Trenton City, NJ
1088 MERCER COUNTY 653 and SWEETS AVE, Trenton City, NJ
1089 BEATTY ST and S BROAD ST, Trenton City, NJ
1090 NJ 33 and LAKE DR, Washington Twp  (Mercer Co), NJ
1091 VILLAGE RD W and CR 533, West Windsor Township, NJ
1092 NJ 33 and TWINS RIVER DR NORTH / TWINS RIVER, East Windsor Township, NJ
1093 MERCER COUNTY 622 and CR 639, Ewing Township, NJ
1094 NJ 33 and CONNECTICUT AVE, Hamilton Twp (Mercer Co), NJ
1095 REEVES AVE and S. OLDEN AVE, Hamilton Twp (Mercer Co), NJ
1096 2115 RT 33, Hamilton Twp (Mercer Co), NJ
1097 HOPEWELL WERTSVILLE RD and FEATHERBED LANE, Hopewell Twp (Mercer Co), NJ
1098 DENOW RD and WELLINGTON DR, Hopewell Twp (Mercer Co), NJ
1099 MERCER COUNTY 640 and SILO RD., Pennington Borough, NJ
1100 PROSPECT AVE and MURRAY PLACE, Princeton Borough, NJ
1101 NJ 33 and HAMPTON ST, Trenton City, NJ
1102 EDGEWOOD AVENUE and N DEAN AVE, Trenton City, NJ
1103 PERRY ST and SOUTHARD ST, Trenton City, NJ
1104 BEATTY ST and DEKLYN AVE, Trenton City, NJ
1105 N EASTFIELD AVE and WYOMING ALY, Trenton City, NJ
1106 MERCER COUNTY 606 and REVERE AVE, Trenton City, NJ
1107 EISENHOWER DRIVE and ROOSEVELT WAY, Washington Twp  (Mercer Co), NJ
1108 US 130, Washington Twp  (Mercer Co), NJ
1109 ROUTE 526, Washington Twp  (Mercer Co), NJ
1110 NEW VILLAGE ROAD and BAXTER DRIVE, West Windsor Township, NJ
1111 BOLTON ROAD and PROBASCO ROAD, East Windsor Township, NJ
1112 MERCER COUNTY 622 and SUTHERLAND ROAD, Ewing Township, NJ
1113 2098 PENNINGTON ROAD(CITGO), Ewing Township, NJ
1114 CHEWALLA BLVD and NOTTINGHAM WAY, Hamilton Twp (Mercer Co), NJ
1115 1700 NOTTINGHAM WY, Hamilton Twp (Mercer Co), NJ
1116 ESTATES BLVD and WHITEHORSE-HAMILTON SQ. RD., Hamilton Twp (Mercer Co), NJ
1117 MERCER COUNTY 672 and LAKESIDE BLVD., Hamilton Twp (Mercer Co), NJ
1118 PARKING LOT ?50 RT 33, Hamilton Twp (Mercer Co), NJ
1119 US 206 and PRINCETON AVE, Lawrence Twp (Mercer Co), NJ
1120 ELM DR and BAKER LN, Princeton Borough, NJ
1121 UNIVERSITY PLACE and COLLEGE ROAD, Princeton Borough, NJ
1122 JEFFERSON RD and VALLEY RD., Princeton Township, NJ
1123 NJ 31 and PROSPECT ST, Trenton City, NJ
1124 MERCER COUNTY 606 and CR 626, Trenton City, NJ
1125 PERRY ST and N MONTGOMERY ST, Trenton City, NJ
1126 MERCER COUNTY 650 and SECOND ST, Trenton City, NJ
1127 MERCER COUNTY 634 and HILLCREST AVENUE, Trenton City, NJ
1128 BANK ST and N WILLOW ST, Trenton City, NJ
1129 N WILLOW ST and BELLEVUE AVE, Trenton City, NJ
1130 1284 S BROAD ST, Trenton City, NJ
1131 CASS ST and THIRD ST, Trenton City, NJ
1132 SPRING ST and CALHOUN ST, Trenton City, NJ
1133 LIBERTY ST and FRANKLIN ST, Trenton City, NJ
1134 US 130 and ROUTE 571 / PRCTN-WRSTN RD / STOCKT, East Windsor Township, NJ
1135 NORWAY AVE and BROOKSIDE AVE, Hamilton Twp (Mercer Co), NJ
1136 WHITEHORSE-HAMILTON SQ RD and KUSER RD, Hamilton Twp (Mercer Co), NJ
1137 YARDVILLE-HAMILTON SQ RD and ESTATES BLVD, Hamilton Twp (Mercer Co), NJ
1138 100 STOCKTON STREET and STOCKTON STREET LOT, Hightstown Borough, NJ
1139 LAKE DR and BRUNSWICK PIKE, Lawrence Twp (Mercer Co), NJ
1140 NORTH HARRISON STREET and HORNER LANE, Princeton Borough, NJ
1141 MOUNTAIN AVENUE and GREAT ROAD, Princeton Township, NJ
1142 HENRY AVENUE and MOORE STREET, Princeton Township, NJ
1143 TERHUNE ROAD and NORTH HARRISON ST, Princeton Township, NJ
1144 MERCER COUNTY 622 and CR 635 / E STATE ST, Trenton City, NJ
1145 E STATE ST and S WALTER AVE, Trenton City, NJ
1146 MERCER COUNTY 606 and FRANKLIN ST, Trenton City, NJ
1147 CHESTNUT AVE and GENESEE ST, Trenton City, NJ
1148 MERCER COUNTY 635 and CR 622 / N OLDEN AVE / S OLDEN AVE, Trenton City, NJ
1149 HEWITT ST, Trenton City, NJ
1150 MARKET ST and US 206, Trenton City, NJ
1151 MERCER COUNTY 606 and CR 622 / S OLDEN AVE, Trenton City, NJ
1152 FRANKLIN ST and HAMILTON AVE, Trenton City, NJ
1153 NJ 29 and SHELDON AVE., Trenton City, NJ
1154 US 130 and DUTCHNECK RD, East Windsor Township, NJ
1155 US 130 and DUTCHNECK RD, East Windsor Township, NJ
1156 1618 OLDEN AVENUE, Ewing Township, NJ
1157 NJ 31 and CR 622 / OLDEN AVE, Ewing Township, NJ
1158 NJ 33 and WARD AVE, Hamilton Twp (Mercer Co), NJ
1159 HUGHES DR and JEFFREY LN, Hamilton Twp (Mercer Co), NJ
1160 N GREENWOOD AV and GOLDEN AVE, Hopewell Borough, NJ
1161 ROUTE 546 and SIOUX RD, Hopewell Twp (Mercer Co), NJ
1162 US 206 and ALTAMAWR AVE, Lawrence Twp (Mercer Co), NJ
1163 NORTH HARRISON ST and TERHUNE RD., Princeton Township, NJ
1164 10 E STADIUM DR, Princeton Township, NJ
1165 NJ 129 and CR 606 / HAMILTON AVE, Trenton City, NJ
1166 FEDERAL ST and SECOND ST, Trenton City, NJ
1167 JARVIS PL and PROSPECT ST, Trenton City, NJ
1168 MERCER COUNTY 635 and GARFIELD AVE, Trenton City, NJ
1169 US 1 and MARKET ST, Trenton City, NJ
1170 SOUTHARD ST and BRUNSWICK AVE, Trenton City, NJ
1171 S BROAD ST and CENTRE ST / GREENWOOD AVE, Trenton City, NJ
1172 PRINCETON JUNCTION TRAIN STATION and WALLACE PERMIT LOT, West Windsor Township, NJ
1173 US 130 and DUTCHNECK RD, East Windsor Township, NJ
1174 1518 OLDEN AVE, Ewing Township, NJ
1175 ROUTE 539 and WARD ST, Hightstown Borough, NJ
1176 US 1 and BRUNSWICK CIR, Lawrence Twp (Mercer Co), NJ
1177 PROSPECT AVE and ROUTE 571, Princeton Township, NJ
1178 ROUTE 571 and IVY LN, Princeton Township, NJ
1179 BUTTONWOOD DR and CR 636, Ewing Township, NJ
1180 CENTRAL AVE and NJ 31, Ewing Township, NJ
1181 HUGHES DR and PAXSON AVE, Hamilton Twp (Mercer Co), NJ
1182 ALEXANDER RD and UNIVERSITY PL, Princeton Township, NJ
1183 DIVISION ST and KENT ST, Trenton City, NJ
1184 BANK ST and N WARREN ST, Trenton City, NJ
1185 E STATE ST, Trenton City, NJ
