Reading:  ../download/input_crashes.csv 
  Crash.Date Crash.Day.Of.Week Crash.Time Driver.DOB Driver.Sex County.Name
1 12/23/2001                 S      14:28                            MERCER
2 12/23/2001                 S      14:28                            MERCER
3 01/04/2001                TH      07:51 12/05/1949          M      MERCER
4 01/04/2001                TH      07:51 04/21/1951          M      MERCER
5 01/08/2001                 M      16:29 07/01/1925          M      MERCER
6 01/08/2001                 M      16:29                            MERCER
  Municipality.Name Total.Killed Total.Injured Total.Vehicles.Involve
1    PRINCETON BORO            0             0                      2
2    PRINCETON BORO            0             0                      2
3    PRINCETON BORO            0             1                      2
4    PRINCETON BORO            0             1                      2
5    PRINCETON BORO            0             0                      2
6    PRINCETON BORO            0             0                      2
  Alcohol.Involved Alcohol.Test.Given Alcohol.Test.Results
1                N                                      NA
2                N                                      NA
3                N                  N                   NA
4                N                  N                   NA
5                N                  N                   NA
6                N                                      NA
  Cell.Phone.In.Use.Flag      Crash.Location Cross.Street.Name Latitude
1                      N              RT 206                         NA
2                      N              RT 206                         NA
3                      N              CR 604     ROSEDALE ROAD       NA
4                      N              CR 604     ROSEDALE ROAD       NA
5                      N SOUTH TULANE STREET     LINCOLN COURT       NA
6                      N SOUTH TULANE STREET     LINCOLN COURT       NA
  Longitude Year Driver.Age Crash.Hour Crash.Weekday Crash.Weekend
1        NA 2001         NA         14         FALSE         FALSE
2        NA 2001         NA         14         FALSE         FALSE
3        NA 2001         51          7          TRUE         FALSE
4        NA 2001         49          7          TRUE         FALSE
5        NA 2001         75         16         FALSE         FALSE
6        NA 2001         NA         16         FALSE         FALSE
    MUNICIPALITY      CRASH_LOCATION CROSS_STREET_NAME LATITUDE LONGITUDE ID
1 PRINCETON BORO              RT 206                         NA        NA  1
2 PRINCETON BORO              RT 206                         NA        NA  2
3 PRINCETON BORO              CR 604     ROSEDALE ROAD       NA        NA  3
4 PRINCETON BORO              CR 604     ROSEDALE ROAD       NA        NA  4
5 PRINCETON BORO SOUTH TULANE STREET     LINCOLN COURT       NA        NA  5
6 PRINCETON BORO SOUTH TULANE STREET     LINCOLN COURT       NA        NA  6
[1] FALSE FALSE FALSE FALSE FALSE FALSE
Writing:  ../data/crashes_GPS.csv 
